{"/root/ucm-src-pro/frontend/src/components/Badge.jsx": {"path":"/root/ucm-src-pro/frontend/src/components/Badge.jsx","statementMap":{"0":{"start":{"line":14,"column":19},"end":{"line":32,"column":null}},"1":{"start":{"line":34,"column":20},"end":{"line":41,"column":null}},"2":{"start":{"line":44,"column":16},"end":{"line":48,"column":null}},"3":{"start":{"line":50,"column":20},"end":{"line":54,"column":null}},"4":{"start":{"line":56,"column":2},"end":{"line":76,"column":null}}},"fnMap":{"0":{"name":"Badge","decl":{"start":{"line":3,"column":16},"end":{"line":3,"column":22}},"loc":{"start":{"line":12,"column":3},"end":{"line":78,"column":null}},"line":12}},"branchMap":{"0":{"loc":{"start":{"line":5,"column":2},"end":{"line":5,"column":null}},"type":"default-arg","locations":[{"start":{"line":5,"column":12},"end":{"line":5,"column":null}}],"line":5},"1":{"loc":{"start":{"line":6,"column":2},"end":{"line":6,"column":null}},"type":"default-arg","locations":[{"start":{"line":6,"column":9},"end":{"line":6,"column":null}}],"line":6},"2":{"loc":{"start":{"line":7,"column":2},"end":{"line":7,"column":null}},"type":"default-arg","locations":[{"start":{"line":7,"column":8},"end":{"line":7,"column":null}}],"line":7},"3":{"loc":{"start":{"line":8,"column":2},"end":{"line":8,"column":null}},"type":"default-arg","locations":[{"start":{"line":8,"column":10},"end":{"line":8,"column":null}}],"line":8},"4":{"loc":{"start":{"line":67,"column":7},"end":{"line":72,"column":null}},"type":"binary-expr","locations":[{"start":{"line":67,"column":7},"end":{"line":67,"column":null}},{"start":{"line":68,"column":8},"end":{"line":72,"column":null}}],"line":67},"5":{"loc":{"start":{"line":70,"column":10},"end":{"line":70,"column":null}},"type":"binary-expr","locations":[{"start":{"line":70,"column":10},"end":{"line":70,"column":32}},{"start":{"line":70,"column":32},"end":{"line":70,"column":null}}],"line":70},"6":{"loc":{"start":{"line":71,"column":10},"end":{"line":71,"column":null}},"type":"binary-expr","locations":[{"start":{"line":71,"column":10},"end":{"line":71,"column":19}},{"start":{"line":71,"column":19},"end":{"line":71,"column":null}}],"line":71},"7":{"loc":{"start":{"line":74,"column":7},"end":{"line":74,"column":null}},"type":"binary-expr","locations":[{"start":{"line":74,"column":7},"end":{"line":74,"column":15}},{"start":{"line":74,"column":15},"end":{"line":74,"column":null}}],"line":74}},"s":{"0":10,"1":10,"2":10,"3":10,"4":10},"f":{"0":10},"b":{"0":[10],"1":[10],"2":[10],"3":[10],"4":[10,0],"5":[0,0],"6":[0,0],"7":[10,0]},"meta":{"lastBranch":8,"lastFunction":1,"lastStatement":5,"seen":{"f:3:16:3:22":0,"b:5:12:5:Infinity":0,"b:6:9:6:Infinity":1,"b:7:8:7:Infinity":2,"b:8:10:8:Infinity":3,"s:14:19:32:Infinity":0,"s:34:20:41:Infinity":1,"s:44:16:48:Infinity":2,"s:50:20:54:Infinity":3,"s:56:2:76:Infinity":4,"b:67:7:67:Infinity:68:8:72:Infinity":4,"b:70:10:70:32:70:32:70:Infinity":5,"b:71:10:71:19:71:19:71:Infinity":6,"b:74:7:74:15:74:15:74:Infinity":7}}}
,"/root/ucm-src-pro/frontend/src/components/Button.jsx": {"path":"/root/ucm-src-pro/frontend/src/components/Button.jsx","statementMap":{"0":{"start":{"line":17,"column":19},"end":{"line":24,"column":null}},"1":{"start":{"line":27,"column":16},"end":{"line":32,"column":null}},"2":{"start":{"line":35,"column":25},"end":{"line":35,"column":null}},"3":{"start":{"line":37,"column":2},"end":{"line":60,"column":null}}},"fnMap":{"0":{"name":"Button","decl":{"start":{"line":16,"column":16},"end":{"line":16,"column":23}},"loc":{"start":{"line":16,"column":114},"end":{"line":62,"column":null}},"line":16}},"branchMap":{"0":{"loc":{"start":{"line":16,"column":35},"end":{"line":16,"column":56}},"type":"default-arg","locations":[{"start":{"line":16,"column":45},"end":{"line":16,"column":56}}],"line":16},"1":{"loc":{"start":{"line":16,"column":56},"end":{"line":16,"column":74}},"type":"default-arg","locations":[{"start":{"line":16,"column":63},"end":{"line":16,"column":74}}],"line":16},"2":{"loc":{"start":{"line":16,"column":74},"end":{"line":16,"column":91}},"type":"default-arg","locations":[{"start":{"line":16,"column":84},"end":{"line":16,"column":91}}],"line":16},"3":{"loc":{"start":{"line":42,"column":8},"end":{"line":42,"column":null}},"type":"binary-expr","locations":[{"start":{"line":42,"column":8},"end":{"line":42,"column":26}},{"start":{"line":42,"column":26},"end":{"line":42,"column":null}}],"line":42},"4":{"loc":{"start":{"line":45,"column":8},"end":{"line":45,"column":null}},"type":"binary-expr","locations":[{"start":{"line":45,"column":8},"end":{"line":45,"column":19}},{"start":{"line":45,"column":19},"end":{"line":45,"column":null}}],"line":45},"5":{"loc":{"start":{"line":48,"column":16},"end":{"line":48,"column":null}},"type":"binary-expr","locations":[{"start":{"line":48,"column":16},"end":{"line":48,"column":27}},{"start":{"line":48,"column":27},"end":{"line":48,"column":null}}],"line":48},"6":{"loc":{"start":{"line":51,"column":7},"end":{"line":59,"column":null}},"type":"cond-expr","locations":[{"start":{"line":52,"column":8},"end":{"line":58,"column":null}},{"start":{"line":59,"column":10},"end":{"line":59,"column":null}}],"line":51}},"s":{"0":48,"1":48,"2":48,"3":48},"f":{"0":48},"b":{"0":[48],"1":[48],"2":[48],"3":[48,38],"4":[48,0],"5":[48,48],"6":[0,48]},"meta":{"lastBranch":7,"lastFunction":1,"lastStatement":4,"seen":{"f:16:16:16:23":0,"b:16:45:16:56":0,"b:16:63:16:74":1,"b:16:84:16:91":2,"s:17:19:24:Infinity":0,"s:27:16:32:Infinity":1,"s:35:25:35:Infinity":2,"s:37:2:60:Infinity":3,"b:42:8:42:26:42:26:42:Infinity":3,"b:45:8:45:19:45:19:45:Infinity":4,"b:48:16:48:27:48:27:48:Infinity":5,"b:52:8:58:Infinity:59:10:59:Infinity":6}}}
,"/root/ucm-src-pro/frontend/src/components/Card.jsx": {"path":"/root/ucm-src-pro/frontend/src/components/Card.jsx","statementMap":{"0":{"start":{"line":12,"column":19},"end":{"line":22,"column":null}},"1":{"start":{"line":24,"column":23},"end":{"line":31,"column":null}},"2":{"start":{"line":33,"column":2},"end":{"line":43,"column":null}},"3":{"start":{"line":48,"column":0},"end":{"line":68,"column":null}},"4":{"start":{"line":49,"column":2},"end":{"line":66,"column":null}},"5":{"start":{"line":50,"column":4},"end":{"line":64,"column":null}},"6":{"start":{"line":67,"column":2},"end":{"line":67,"column":null}},"7":{"start":{"line":70,"column":0},"end":{"line":72,"column":null}},"8":{"start":{"line":71,"column":2},"end":{"line":71,"column":null}},"9":{"start":{"line":74,"column":0},"end":{"line":80,"column":null}},"10":{"start":{"line":75,"column":2},"end":{"line":78,"column":null}}},"fnMap":{"0":{"name":"Card","decl":{"start":{"line":3,"column":16},"end":{"line":3,"column":21}},"loc":{"start":{"line":11,"column":3},"end":{"line":45,"column":null}},"line":11},"1":{"name":"CardHeader","decl":{"start":{"line":48,"column":23},"end":{"line":48,"column":34}},"loc":{"start":{"line":48,"column":96},"end":{"line":68,"column":null}},"line":48},"2":{"name":"CardBody","decl":{"start":{"line":70,"column":21},"end":{"line":70,"column":30}},"loc":{"start":{"line":70,"column":55},"end":{"line":72,"column":null}},"line":70},"3":{"name":"CardFooter","decl":{"start":{"line":74,"column":23},"end":{"line":74,"column":34}},"loc":{"start":{"line":74,"column":59},"end":{"line":80,"column":null}},"line":74}},"branchMap":{"0":{"loc":{"start":{"line":6,"column":2},"end":{"line":6,"column":null}},"type":"default-arg","locations":[{"start":{"line":6,"column":10},"end":{"line":6,"column":null}}],"line":6},"1":{"loc":{"start":{"line":7,"column":2},"end":{"line":7,"column":null}},"type":"default-arg","locations":[{"start":{"line":7,"column":16},"end":{"line":7,"column":null}}],"line":7},"2":{"loc":{"start":{"line":8,"column":2},"end":{"line":8,"column":null}},"type":"default-arg","locations":[{"start":{"line":8,"column":12},"end":{"line":8,"column":null}}],"line":8},"3":{"loc":{"start":{"line":36,"column":8},"end":{"line":36,"column":null}},"type":"cond-expr","locations":[{"start":{"line":36,"column":22},"end":{"line":36,"column":43}},{"start":{"line":36,"column":43},"end":{"line":36,"column":null}}],"line":36},"4":{"loc":{"start":{"line":37,"column":8},"end":{"line":37,"column":null}},"type":"binary-expr","locations":[{"start":{"line":37,"column":8},"end":{"line":37,"column":18}},{"start":{"line":37,"column":18},"end":{"line":37,"column":null}}],"line":37},"5":{"loc":{"start":{"line":49,"column":2},"end":{"line":66,"column":null}},"type":"if","locations":[{"start":{"line":49,"column":2},"end":{"line":66,"column":null}},{"start":{},"end":{}}],"line":49},"6":{"loc":{"start":{"line":49,"column":6},"end":{"line":49,"column":21}},"type":"binary-expr","locations":[{"start":{"line":49,"column":6},"end":{"line":49,"column":14}},{"start":{"line":49,"column":14},"end":{"line":49,"column":21}}],"line":49},"7":{"loc":{"start":{"line":53,"column":11},"end":{"line":56,"column":null}},"type":"binary-expr","locations":[{"start":{"line":53,"column":11},"end":{"line":53,"column":null}},{"start":{"line":54,"column":12},"end":{"line":56,"column":null}}],"line":53},"8":{"loc":{"start":{"line":59,"column":13},"end":{"line":59,"column":null}},"type":"binary-expr","locations":[{"start":{"line":59,"column":13},"end":{"line":59,"column":22}},{"start":{"line":59,"column":22},"end":{"line":59,"column":null}}],"line":59},"9":{"loc":{"start":{"line":60,"column":13},"end":{"line":60,"column":null}},"type":"binary-expr","locations":[{"start":{"line":60,"column":13},"end":{"line":60,"column":25}},{"start":{"line":60,"column":25},"end":{"line":60,"column":null}}],"line":60}},"s":{"0":7,"1":7,"2":7,"3":1,"4":0,"5":0,"6":0,"7":1,"8":0,"9":1,"10":0},"f":{"0":7,"1":0,"2":0,"3":0},"b":{"0":[7],"1":[7],"2":[7],"3":[1,6],"4":[7,1],"5":[0,0],"6":[0,0],"7":[0,0],"8":[0,0],"9":[0,0]},"meta":{"lastBranch":10,"lastFunction":4,"lastStatement":11,"seen":{"f:3:16:3:21":0,"b:6:10:6:Infinity":0,"b:7:16:7:Infinity":1,"b:8:12:8:Infinity":2,"s:12:19:22:Infinity":0,"s:24:23:31:Infinity":1,"s:33:2:43:Infinity":2,"b:36:22:36:43:36:43:36:Infinity":3,"b:37:8:37:18:37:18:37:Infinity":4,"s:48:0:68:Infinity":3,"f:48:23:48:34":1,"b:49:2:66:Infinity:undefined:undefined:undefined:undefined":5,"s:49:2:66:Infinity":4,"b:49:6:49:14:49:14:49:21":6,"s:50:4:64:Infinity":5,"b:53:11:53:Infinity:54:12:56:Infinity":7,"b:59:13:59:22:59:22:59:Infinity":8,"b:60:13:60:25:60:25:60:Infinity":9,"s:67:2:67:Infinity":6,"s:70:0:72:Infinity":7,"f:70:21:70:30":2,"s:71:2:71:Infinity":8,"s:74:0:80:Infinity":9,"f:74:23:74:34":3,"s:75:2:78:Infinity":10}}}
,"/root/ucm-src-pro/frontend/src/components/EmptyState.jsx": {"path":"/root/ucm-src-pro/frontend/src/components/EmptyState.jsx","statementMap":{"0":{"start":{"line":13,"column":2},"end":{"line":31,"column":null}}},"fnMap":{"0":{"name":"EmptyState","decl":{"start":{"line":7,"column":16},"end":{"line":7,"column":27}},"loc":{"start":{"line":12,"column":3},"end":{"line":33,"column":null}},"line":12}},"branchMap":{"0":{"loc":{"start":{"line":8,"column":8},"end":{"line":8,"column":null}},"type":"default-arg","locations":[{"start":{"line":8,"column":15},"end":{"line":8,"column":null}}],"line":8},"1":{"loc":{"start":{"line":9,"column":2},"end":{"line":9,"column":null}},"type":"default-arg","locations":[{"start":{"line":9,"column":10},"end":{"line":9,"column":null}}],"line":9},"2":{"loc":{"start":{"line":23,"column":7},"end":{"line":24,"column":null}},"type":"binary-expr","locations":[{"start":{"line":23,"column":7},"end":{"line":23,"column":null}},{"start":{"line":24,"column":8},"end":{"line":24,"column":null}}],"line":23},"3":{"loc":{"start":{"line":26,"column":7},"end":{"line":29,"column":null}},"type":"binary-expr","locations":[{"start":{"line":26,"column":7},"end":{"line":26,"column":null}},{"start":{"line":27,"column":8},"end":{"line":29,"column":null}}],"line":26}},"s":{"0":1},"f":{"0":1},"b":{"0":[1],"1":[1],"2":[1,0],"3":[1,0]},"meta":{"lastBranch":4,"lastFunction":1,"lastStatement":1,"seen":{"f:7:16:7:27":0,"b:8:15:8:Infinity":0,"b:9:10:9:Infinity":1,"s:13:2:31:Infinity":0,"b:23:7:23:Infinity:24:8:24:Infinity":2,"b:26:7:26:Infinity:27:8:29:Infinity":3}}}
,"/root/ucm-src-pro/frontend/src/components/Input.jsx": {"path":"/root/ucm-src-pro/frontend/src/components/Input.jsx","statementMap":{"0":{"start":{"line":7,"column":13},"end":{"line":63,"column":null}},"1":{"start":{"line":15,"column":2},"end":{"line":61,"column":null}},"2":{"start":{"line":45,"column":12},"end":{"line":45,"column":null}},"3":{"start":{"line":48,"column":12},"end":{"line":48,"column":null}}},"fnMap":{"0":{"name":"Input2","decl":{"start":{"line":7,"column":41},"end":{"line":7,"column":47}},"loc":{"start":{"line":14,"column":8},"end":{"line":63,"column":1}},"line":14},"1":{"name":"(anonymous_1)","decl":{"start":{"line":44,"column":19},"end":{"line":44,"column":20}},"loc":{"start":{"line":44,"column":26},"end":{"line":46,"column":null}},"line":44},"2":{"name":"(anonymous_2)","decl":{"start":{"line":47,"column":18},"end":{"line":47,"column":19}},"loc":{"start":{"line":47,"column":25},"end":{"line":49,"column":null}},"line":47}},"branchMap":{"0":{"loc":{"start":{"line":17,"column":7},"end":{"line":21,"column":null}},"type":"binary-expr","locations":[{"start":{"line":17,"column":7},"end":{"line":17,"column":null}},{"start":{"line":18,"column":8},"end":{"line":21,"column":null}}],"line":17},"1":{"loc":{"start":{"line":20,"column":11},"end":{"line":20,"column":null}},"type":"binary-expr","locations":[{"start":{"line":20,"column":11},"end":{"line":20,"column":29}},{"start":{"line":20,"column":29},"end":{"line":20,"column":null}}],"line":20},"2":{"loc":{"start":{"line":25,"column":9},"end":{"line":28,"column":null}},"type":"binary-expr","locations":[{"start":{"line":25,"column":9},"end":{"line":25,"column":null}},{"start":{"line":26,"column":10},"end":{"line":28,"column":null}}],"line":25},"3":{"loc":{"start":{"line":38,"column":12},"end":{"line":38,"column":null}},"type":"cond-expr","locations":[{"start":{"line":38,"column":20},"end":{"line":38,"column":45}},{"start":{"line":38,"column":45},"end":{"line":38,"column":null}}],"line":38},"4":{"loc":{"start":{"line":39,"column":12},"end":{"line":39,"column":null}},"type":"binary-expr","locations":[{"start":{"line":39,"column":12},"end":{"line":39,"column":20}},{"start":{"line":39,"column":20},"end":{"line":39,"column":null}}],"line":39},"5":{"loc":{"start":{"line":54,"column":7},"end":{"line":55,"column":null}},"type":"binary-expr","locations":[{"start":{"line":54,"column":7},"end":{"line":54,"column":null}},{"start":{"line":55,"column":8},"end":{"line":55,"column":null}}],"line":54},"6":{"loc":{"start":{"line":58,"column":7},"end":{"line":59,"column":null}},"type":"binary-expr","locations":[{"start":{"line":58,"column":7},"end":{"line":58,"column":21}},{"start":{"line":58,"column":21},"end":{"line":58,"column":null}},{"start":{"line":59,"column":8},"end":{"line":59,"column":null}}],"line":58}},"s":{"0":1,"1":11,"2":0,"3":0},"f":{"0":11,"1":0,"2":0},"b":{"0":[11,7],"1":[7,1],"2":[11,1],"3":[1,10],"4":[11,1],"5":[11,1],"6":[11,1,1]},"meta":{"lastBranch":7,"lastFunction":3,"lastStatement":4,"seen":{"s:7:13:63:Infinity":0,"f:7:41:7:47":0,"s:15:2:61:Infinity":1,"b:17:7:17:Infinity:18:8:21:Infinity":0,"b:20:11:20:29:20:29:20:Infinity":1,"b:25:9:25:Infinity:26:10:28:Infinity":2,"b:38:20:38:45:38:45:38:Infinity":3,"b:39:12:39:20:39:20:39:Infinity":4,"f:44:19:44:20":1,"s:45:12:45:Infinity":2,"f:47:18:47:19":2,"s:48:12:48:Infinity":3,"b:54:7:54:Infinity:55:8:55:Infinity":5,"b:58:7:58:21:58:21:58:Infinity:59:8:59:Infinity":6}}}
,"/root/ucm-src-pro/frontend/src/components/LoadingSpinner.jsx": {"path":"/root/ucm-src-pro/frontend/src/components/LoadingSpinner.jsx","statementMap":{"0":{"start":{"line":7,"column":16},"end":{"line":11,"column":null}},"1":{"start":{"line":14,"column":4},"end":{"line":22,"column":null}},"2":{"start":{"line":25,"column":2},"end":{"line":31,"column":null}},"3":{"start":{"line":26,"column":4},"end":{"line":29,"column":null}},"4":{"start":{"line":33,"column":2},"end":{"line":33,"column":null}}},"fnMap":{"0":{"name":"LoadingSpinner","decl":{"start":{"line":6,"column":16},"end":{"line":6,"column":31}},"loc":{"start":{"line":6,"column":77},"end":{"line":34,"column":null}},"line":6}},"branchMap":{"0":{"loc":{"start":{"line":6,"column":33},"end":{"line":6,"column":46}},"type":"default-arg","locations":[{"start":{"line":6,"column":40},"end":{"line":6,"column":46}}],"line":6},"1":{"loc":{"start":{"line":6,"column":46},"end":{"line":6,"column":66}},"type":"default-arg","locations":[{"start":{"line":6,"column":59},"end":{"line":6,"column":66}}],"line":6},"2":{"loc":{"start":{"line":19,"column":7},"end":{"line":20,"column":null}},"type":"binary-expr","locations":[{"start":{"line":19,"column":7},"end":{"line":19,"column":null}},{"start":{"line":20,"column":8},"end":{"line":20,"column":null}}],"line":19},"3":{"loc":{"start":{"line":25,"column":2},"end":{"line":31,"column":null}},"type":"if","locations":[{"start":{"line":25,"column":2},"end":{"line":31,"column":null}},{"start":{},"end":{}}],"line":25}},"s":{"0":1,"1":1,"2":1,"3":0,"4":1},"f":{"0":1},"b":{"0":[1],"1":[1],"2":[1,0],"3":[0,1]},"meta":{"lastBranch":4,"lastFunction":1,"lastStatement":5,"seen":{"f:6:16:6:31":0,"b:6:40:6:46":0,"b:6:59:6:66":1,"s:7:16:11:Infinity":0,"s:14:4:22:Infinity":1,"b:19:7:19:Infinity:20:8:20:Infinity":2,"b:25:2:31:Infinity:undefined:undefined:undefined:undefined":3,"s:25:2:31:Infinity":2,"s:26:4:29:Infinity":3,"s:33:2:33:Infinity":4}}}
,"/root/ucm-src-pro/frontend/src/components/Modal.jsx": {"path":"/root/ucm-src-pro/frontend/src/components/Modal.jsx","statementMap":{"0":{"start":{"line":19,"column":27},"end":{"line":19,"column":null}},"1":{"start":{"line":20,"column":16},"end":{"line":25,"column":null}},"2":{"start":{"line":27,"column":2},"end":{"line":68,"column":null}}},"fnMap":{"0":{"name":"Modal","decl":{"start":{"line":9,"column":16},"end":{"line":9,"column":22}},"loc":{"start":{"line":17,"column":3},"end":{"line":70,"column":null}},"line":17}},"branchMap":{"0":{"loc":{"start":{"line":15,"column":2},"end":{"line":15,"column":null}},"type":"default-arg","locations":[{"start":{"line":15,"column":9},"end":{"line":15,"column":null}}],"line":15},"1":{"loc":{"start":{"line":16,"column":2},"end":{"line":16,"column":null}},"type":"default-arg","locations":[{"start":{"line":16,"column":14},"end":{"line":16,"column":null}}],"line":16},"2":{"loc":{"start":{"line":19,"column":27},"end":{"line":19,"column":null}},"type":"binary-expr","locations":[{"start":{"line":19,"column":27},"end":{"line":19,"column":43}},{"start":{"line":19,"column":43},"end":{"line":19,"column":null}}],"line":19},"3":{"loc":{"start":{"line":54,"column":13},"end":{"line":58,"column":null}},"type":"binary-expr","locations":[{"start":{"line":54,"column":13},"end":{"line":54,"column":null}},{"start":{"line":55,"column":14},"end":{"line":58,"column":null}}],"line":54}},"s":{"0":7,"1":7,"2":7},"f":{"0":7},"b":{"0":[7],"1":[7],"2":[7,7],"3":[7,6]},"meta":{"lastBranch":4,"lastFunction":1,"lastStatement":3,"seen":{"f:9:16:9:22":0,"b:15:9:15:Infinity":0,"b:16:14:16:Infinity":1,"s:19:27:19:Infinity":0,"b:19:27:19:43:19:43:19:Infinity":2,"s:20:16:25:Infinity":1,"s:27:2:68:Infinity":2,"b:54:13:54:Infinity:55:14:58:Infinity":3}}}
,"/root/ucm-src-pro/frontend/src/components/Pagination.jsx": {"path":"/root/ucm-src-pro/frontend/src/components/Pagination.jsx","statementMap":{"0":{"start":{"line":9,"column":26},"end":{"line":14,"column":null}},"1":{"start":{"line":25,"column":21},"end":{"line":25,"column":null}},"2":{"start":{"line":26,"column":16},"end":{"line":26,"column":null}},"3":{"start":{"line":27,"column":14},"end":{"line":27,"column":null}},"4":{"start":{"line":29,"column":2},"end":{"line":125,"column":null}},"5":{"start":{"line":45,"column":33},"end":{"line":45,"column":null}},"6":{"start":{"line":57,"column":27},"end":{"line":57,"column":null}},"7":{"start":{"line":67,"column":27},"end":{"line":67,"column":null}},"8":{"start":{"line":77,"column":14},"end":{"line":85,"column":null}},"9":{"start":{"line":78,"column":16},"end":{"line":78,"column":null}},"10":{"start":{"line":79,"column":14},"end":{"line":85,"column":null}},"11":{"start":{"line":80,"column":16},"end":{"line":80,"column":null}},"12":{"start":{"line":81,"column":14},"end":{"line":85,"column":null}},"13":{"start":{"line":82,"column":16},"end":{"line":82,"column":null}},"14":{"start":{"line":84,"column":16},"end":{"line":84,"column":null}},"15":{"start":{"line":87,"column":14},"end":{"line":99,"column":null}},"16":{"start":{"line":90,"column":33},"end":{"line":90,"column":null}},"17":{"start":{"line":107,"column":27},"end":{"line":107,"column":null}},"18":{"start":{"line":117,"column":27},"end":{"line":117,"column":null}}},"fnMap":{"0":{"name":"Pagination","decl":{"start":{"line":16,"column":16},"end":{"line":16,"column":27}},"loc":{"start":{"line":24,"column":3},"end":{"line":127,"column":null}},"line":24},"1":{"name":"(anonymous_1)","decl":{"start":{"line":45,"column":24},"end":{"line":45,"column":25}},"loc":{"start":{"line":45,"column":33},"end":{"line":45,"column":null}},"line":45},"2":{"name":"(anonymous_2)","decl":{"start":{"line":57,"column":21},"end":{"line":57,"column":27}},"loc":{"start":{"line":57,"column":27},"end":{"line":57,"column":null}},"line":57},"3":{"name":"(anonymous_3)","decl":{"start":{"line":67,"column":21},"end":{"line":67,"column":27}},"loc":{"start":{"line":67,"column":27},"end":{"line":67,"column":null}},"line":67},"4":{"name":"(anonymous_4)","decl":{"start":{"line":75,"column":53},"end":{"line":75,"column":54}},"loc":{"start":{"line":75,"column":63},"end":{"line":101,"column":13}},"line":75},"5":{"name":"(anonymous_5)","decl":{"start":{"line":90,"column":27},"end":{"line":90,"column":33}},"loc":{"start":{"line":90,"column":33},"end":{"line":90,"column":null}},"line":90},"6":{"name":"(anonymous_6)","decl":{"start":{"line":107,"column":21},"end":{"line":107,"column":27}},"loc":{"start":{"line":107,"column":27},"end":{"line":107,"column":null}},"line":107},"7":{"name":"(anonymous_7)","decl":{"start":{"line":117,"column":21},"end":{"line":117,"column":27}},"loc":{"start":{"line":117,"column":27},"end":{"line":117,"column":null}},"line":117}},"branchMap":{"0":{"loc":{"start":{"line":17,"column":2},"end":{"line":17,"column":null}},"type":"default-arg","locations":[{"start":{"line":17,"column":10},"end":{"line":17,"column":null}}],"line":17},"1":{"loc":{"start":{"line":18,"column":2},"end":{"line":18,"column":null}},"type":"default-arg","locations":[{"start":{"line":18,"column":9},"end":{"line":18,"column":null}}],"line":18},"2":{"loc":{"start":{"line":19,"column":2},"end":{"line":19,"column":null}},"type":"default-arg","locations":[{"start":{"line":19,"column":12},"end":{"line":19,"column":null}}],"line":19},"3":{"loc":{"start":{"line":22,"column":2},"end":{"line":22,"column":null}},"type":"default-arg","locations":[{"start":{"line":22,"column":13},"end":{"line":22,"column":null}}],"line":22},"4":{"loc":{"start":{"line":23,"column":2},"end":{"line":23,"column":null}},"type":"default-arg","locations":[{"start":{"line":23,"column":24},"end":{"line":23,"column":null}}],"line":23},"5":{"loc":{"start":{"line":25,"column":33},"end":{"line":25,"column":64}},"type":"binary-expr","locations":[{"start":{"line":25,"column":33},"end":{"line":25,"column":63}},{"start":{"line":25,"column":63},"end":{"line":25,"column":64}}],"line":25},"6":{"loc":{"start":{"line":26,"column":16},"end":{"line":26,"column":null}},"type":"cond-expr","locations":[{"start":{"line":26,"column":24},"end":{"line":26,"column":55}},{"start":{"line":26,"column":55},"end":{"line":26,"column":null}}],"line":26},"7":{"loc":{"start":{"line":31,"column":7},"end":{"line":36,"column":null}},"type":"binary-expr","locations":[{"start":{"line":31,"column":7},"end":{"line":31,"column":null}},{"start":{"line":32,"column":8},"end":{"line":36,"column":null}}],"line":31},"8":{"loc":{"start":{"line":40,"column":9},"end":{"line":50,"column":null}},"type":"binary-expr","locations":[{"start":{"line":40,"column":9},"end":{"line":40,"column":32}},{"start":{"line":40,"column":32},"end":{"line":40,"column":null}},{"start":{"line":41,"column":10},"end":{"line":50,"column":null}}],"line":40},"9":{"loc":{"start":{"line":77,"column":14},"end":{"line":85,"column":null}},"type":"if","locations":[{"start":{"line":77,"column":14},"end":{"line":85,"column":null}},{"start":{"line":79,"column":14},"end":{"line":85,"column":null}}],"line":77},"10":{"loc":{"start":{"line":79,"column":14},"end":{"line":85,"column":null}},"type":"if","locations":[{"start":{"line":79,"column":14},"end":{"line":85,"column":null}},{"start":{"line":81,"column":14},"end":{"line":85,"column":null}}],"line":79},"11":{"loc":{"start":{"line":81,"column":14},"end":{"line":85,"column":null}},"type":"if","locations":[{"start":{"line":81,"column":14},"end":{"line":85,"column":null}},{"start":{"line":83,"column":21},"end":{"line":85,"column":null}}],"line":81},"12":{"loc":{"start":{"line":93,"column":20},"end":{"line":95,"column":null}},"type":"cond-expr","locations":[{"start":{"line":94,"column":24},"end":{"line":94,"column":null}},{"start":{"line":95,"column":24},"end":{"line":95,"column":null}}],"line":93}},"s":{"0":2,"1":9,"2":9,"3":9,"4":9,"5":0,"6":0,"7":0,"8":42,"9":42,"10":0,"11":0,"12":0,"13":0,"14":0,"15":42,"16":1,"17":0,"18":0},"f":{"0":9,"1":0,"2":0,"3":0,"4":42,"5":1,"6":0,"7":0},"b":{"0":[9],"1":[9],"2":[9],"3":[9],"4":[9],"5":[9,0],"6":[9,0],"7":[9,8],"8":[9,9,2],"9":[42,0],"10":[0,0],"11":[0,0],"12":[9,33]},"meta":{"lastBranch":13,"lastFunction":8,"lastStatement":19,"seen":{"s:9:26:14:Infinity":0,"f:16:16:16:27":0,"b:17:10:17:Infinity":0,"b:18:9:18:Infinity":1,"b:19:12:19:Infinity":2,"b:22:13:22:Infinity":3,"b:23:24:23:Infinity":4,"s:25:21:25:Infinity":1,"b:25:33:25:63:25:63:25:64":5,"s:26:16:26:Infinity":2,"b:26:24:26:55:26:55:26:Infinity":6,"s:27:14:27:Infinity":3,"s:29:2:125:Infinity":4,"b:31:7:31:Infinity:32:8:36:Infinity":7,"b:40:9:40:32:40:32:40:Infinity:41:10:50:Infinity":8,"f:45:24:45:25":1,"s:45:33:45:Infinity":5,"f:57:21:57:27":2,"s:57:27:57:Infinity":6,"f:67:21:67:27":3,"s:67:27:67:Infinity":7,"f:75:53:75:54":4,"b:77:14:85:Infinity:79:14:85:Infinity":9,"s:77:14:85:Infinity":8,"s:78:16:78:Infinity":9,"b:79:14:85:Infinity:81:14:85:Infinity":10,"s:79:14:85:Infinity":10,"s:80:16:80:Infinity":11,"b:81:14:85:Infinity:83:21:85:Infinity":11,"s:81:14:85:Infinity":12,"s:82:16:82:Infinity":13,"s:84:16:84:Infinity":14,"s:87:14:99:Infinity":15,"f:90:27:90:33":5,"s:90:33:90:Infinity":16,"b:94:24:94:Infinity:95:24:95:Infinity":12,"f:107:21:107:27":6,"s:107:27:107:Infinity":17,"f:117:21:117:27":7,"s:117:27:117:Infinity":18}}}
,"/root/ucm-src-pro/frontend/src/components/Select.jsx": {"path":"/root/ucm-src-pro/frontend/src/components/Select.jsx","statementMap":{"0":{"start":{"line":18,"column":2},"end":{"line":71,"column":null}},"1":{"start":{"line":51,"column":37},"end":{"line":51,"column":53}},"2":{"start":{"line":52,"column":16},"end":{"line":61,"column":null}}},"fnMap":{"0":{"name":"SelectComponent","decl":{"start":{"line":8,"column":16},"end":{"line":8,"column":32}},"loc":{"start":{"line":17,"column":3},"end":{"line":73,"column":null}},"line":17},"1":{"name":"(anonymous_1)","decl":{"start":{"line":51,"column":30},"end":{"line":51,"column":37}},"loc":{"start":{"line":51,"column":37},"end":{"line":51,"column":53}},"line":51},"2":{"name":"(anonymous_2)","decl":{"start":{"line":51,"column":59},"end":{"line":51,"column":null}},"loc":{"start":{"line":52,"column":16},"end":{"line":61,"column":null}},"line":52}},"branchMap":{"0":{"loc":{"start":{"line":10,"column":2},"end":{"line":10,"column":null}},"type":"default-arg","locations":[{"start":{"line":10,"column":12},"end":{"line":10,"column":null}}],"line":10},"1":{"loc":{"start":{"line":13,"column":2},"end":{"line":13,"column":null}},"type":"default-arg","locations":[{"start":{"line":13,"column":16},"end":{"line":13,"column":null}}],"line":13},"2":{"loc":{"start":{"line":15,"column":2},"end":{"line":15,"column":null}},"type":"default-arg","locations":[{"start":{"line":15,"column":13},"end":{"line":15,"column":null}}],"line":15},"3":{"loc":{"start":{"line":20,"column":7},"end":{"line":23,"column":null}},"type":"binary-expr","locations":[{"start":{"line":20,"column":7},"end":{"line":20,"column":null}},{"start":{"line":21,"column":8},"end":{"line":23,"column":null}}],"line":20},"4":{"loc":{"start":{"line":34,"column":12},"end":{"line":34,"column":null}},"type":"cond-expr","locations":[{"start":{"line":34,"column":20},"end":{"line":34,"column":45}},{"start":{"line":34,"column":45},"end":{"line":34,"column":null}}],"line":34},"5":{"loc":{"start":{"line":35,"column":12},"end":{"line":35,"column":null}},"type":"cond-expr","locations":[{"start":{"line":35,"column":20},"end":{"line":35,"column":42}},{"start":{"line":35,"column":42},"end":{"line":35,"column":null}}],"line":35},"6":{"loc":{"start":{"line":68,"column":7},"end":{"line":69,"column":null}},"type":"binary-expr","locations":[{"start":{"line":68,"column":7},"end":{"line":68,"column":null}},{"start":{"line":69,"column":8},"end":{"line":69,"column":null}}],"line":68}},"s":{"0":7,"1":21,"2":21},"f":{"0":7,"1":21,"2":21},"b":{"0":[7],"1":[7],"2":[7],"3":[7,1],"4":[1,6],"5":[1,6],"6":[7,1]},"meta":{"lastBranch":7,"lastFunction":3,"lastStatement":3,"seen":{"f:8:16:8:32":0,"b:10:12:10:Infinity":0,"b:13:16:13:Infinity":1,"b:15:13:15:Infinity":2,"s:18:2:71:Infinity":0,"b:20:7:20:Infinity:21:8:23:Infinity":3,"b:34:20:34:45:34:45:34:Infinity":4,"b:35:20:35:42:35:42:35:Infinity":5,"f:51:30:51:37":1,"s:51:37:51:53":1,"f:51:59:51:Infinity":2,"s:52:16:61:Infinity":2,"b:68:7:68:Infinity:69:8:69:Infinity":6}}}
,"/root/ucm-src-pro/frontend/src/components/Table.jsx": {"path":"/root/ucm-src-pro/frontend/src/components/Table.jsx","statementMap":{"0":{"start":{"line":24,"column":34},"end":{"line":24,"column":null}},"1":{"start":{"line":25,"column":38},"end":{"line":25,"column":null}},"2":{"start":{"line":27,"column":21},"end":{"line":34,"column":null}},"3":{"start":{"line":28,"column":4},"end":{"line":28,"column":null}},"4":{"start":{"line":28,"column":19},"end":{"line":28,"column":null}},"5":{"start":{"line":30,"column":4},"end":{"line":33,"column":null}},"6":{"start":{"line":30,"column":27},"end":{"line":33,"column":6}},"7":{"start":{"line":36,"column":26},"end":{"line":44,"column":null}},"8":{"start":{"line":37,"column":4},"end":{"line":43,"column":null}},"9":{"start":{"line":38,"column":6},"end":{"line":38,"column":null}},"10":{"start":{"line":38,"column":51},"end":{"line":38,"column":54}},"11":{"start":{"line":39,"column":6},"end":{"line":39,"column":null}},"12":{"start":{"line":41,"column":6},"end":{"line":41,"column":null}},"13":{"start":{"line":42,"column":6},"end":{"line":42,"column":null}},"14":{"start":{"line":46,"column":26},"end":{"line":55,"column":null}},"15":{"start":{"line":47,"column":25},"end":{"line":47,"column":null}},"16":{"start":{"line":48,"column":4},"end":{"line":52,"column":null}},"17":{"start":{"line":49,"column":6},"end":{"line":49,"column":null}},"18":{"start":{"line":51,"column":6},"end":{"line":51,"column":null}},"19":{"start":{"line":53,"column":4},"end":{"line":53,"column":null}},"20":{"start":{"line":54,"column":4},"end":{"line":54,"column":null}},"21":{"start":{"line":54,"column":48},"end":{"line":54,"column":69}},"22":{"start":{"line":57,"column":21},"end":{"line":65,"column":null}},"23":{"start":{"line":59,"column":21},"end":{"line":59,"column":null}},"24":{"start":{"line":60,"column":21},"end":{"line":60,"column":null}},"25":{"start":{"line":61,"column":8},"end":{"line":61,"column":null}},"26":{"start":{"line":61,"column":25},"end":{"line":61,"column":null}},"27":{"start":{"line":62,"column":8},"end":{"line":62,"column":null}},"28":{"start":{"line":62,"column":25},"end":{"line":62,"column":null}},"29":{"start":{"line":63,"column":8},"end":{"line":63,"column":null}},"30":{"start":{"line":67,"column":2},"end":{"line":73,"column":null}},"31":{"start":{"line":68,"column":4},"end":{"line":71,"column":null}},"32":{"start":{"line":75,"column":2},"end":{"line":77,"column":null}},"33":{"start":{"line":76,"column":4},"end":{"line":76,"column":null}},"34":{"start":{"line":79,"column":2},"end":{"line":169,"column":null}},"35":{"start":{"line":91,"column":37},"end":{"line":91,"column":null}},"36":{"start":{"line":97,"column":16},"end":{"line":113,"column":null}},"37":{"start":{"line":103,"column":33},"end":{"line":103,"column":null}},"38":{"start":{"line":119,"column":28},"end":{"line":119,"column":null}},"39":{"start":{"line":120,"column":33},"end":{"line":120,"column":null}},"40":{"start":{"line":122,"column":14},"end":{"line":156,"column":null}},"41":{"start":{"line":125,"column":33},"end":{"line":125,"column":null}},"42":{"start":{"line":140,"column":24},"end":{"line":140,"column":null}},"43":{"start":{"line":141,"column":24},"end":{"line":141,"column":null}},"44":{"start":{"line":143,"column":38},"end":{"line":143,"column":null}},"45":{"start":{"line":149,"column":18},"end":{"line":154,"column":null}}},"fnMap":{"0":{"name":"Table","decl":{"start":{"line":11,"column":16},"end":{"line":11,"column":22}},"loc":{"start":{"line":23,"column":3},"end":{"line":171,"column":null}},"line":23},"1":{"name":"(anonymous_1)","decl":{"start":{"line":27,"column":21},"end":{"line":27,"column":22}},"loc":{"start":{"line":27,"column":30},"end":{"line":34,"column":null}},"line":27},"2":{"name":"(anonymous_2)","decl":{"start":{"line":30,"column":18},"end":{"line":30,"column":27}},"loc":{"start":{"line":30,"column":27},"end":{"line":33,"column":6}},"line":30},"3":{"name":"(anonymous_3)","decl":{"start":{"line":36,"column":26},"end":{"line":36,"column":27}},"loc":{"start":{"line":36,"column":39},"end":{"line":44,"column":null}},"line":36},"4":{"name":"(anonymous_4)","decl":{"start":{"line":38,"column":39},"end":{"line":38,"column":40}},"loc":{"start":{"line":38,"column":51},"end":{"line":38,"column":54}},"line":38},"5":{"name":"(anonymous_5)","decl":{"start":{"line":46,"column":26},"end":{"line":46,"column":27}},"loc":{"start":{"line":46,"column":46},"end":{"line":55,"column":null}},"line":46},"6":{"name":"(anonymous_6)","decl":{"start":{"line":54,"column":36},"end":{"line":54,"column":37}},"loc":{"start":{"line":54,"column":48},"end":{"line":54,"column":69}},"line":54},"7":{"name":"(anonymous_7)","decl":{"start":{"line":58,"column":21},"end":{"line":58,"column":22}},"loc":{"start":{"line":58,"column":31},"end":{"line":64,"column":7}},"line":58},"8":{"name":"(anonymous_8)","decl":{"start":{"line":91,"column":30},"end":{"line":91,"column":31}},"loc":{"start":{"line":91,"column":37},"end":{"line":91,"column":null}},"line":91},"9":{"name":"(anonymous_9)","decl":{"start":{"line":96,"column":27},"end":{"line":96,"column":null}},"loc":{"start":{"line":97,"column":16},"end":{"line":113,"column":null}},"line":97},"10":{"name":"(anonymous_10)","decl":{"start":{"line":103,"column":27},"end":{"line":103,"column":33}},"loc":{"start":{"line":103,"column":33},"end":{"line":103,"column":null}},"line":103},"11":{"name":"(anonymous_11)","decl":{"start":{"line":118,"column":28},"end":{"line":118,"column":29}},"loc":{"start":{"line":118,"column":44},"end":{"line":158,"column":13}},"line":118},"12":{"name":"(anonymous_12)","decl":{"start":{"line":125,"column":27},"end":{"line":125,"column":33}},"loc":{"start":{"line":125,"column":33},"end":{"line":125,"column":null}},"line":125},"13":{"name":"(anonymous_13)","decl":{"start":{"line":139,"column":32},"end":{"line":139,"column":33}},"loc":{"start":{"line":139,"column":39},"end":{"line":142,"column":null}},"line":139},"14":{"name":"(anonymous_14)","decl":{"start":{"line":143,"column":31},"end":{"line":143,"column":32}},"loc":{"start":{"line":143,"column":38},"end":{"line":143,"column":null}},"line":143},"15":{"name":"(anonymous_15)","decl":{"start":{"line":148,"column":29},"end":{"line":148,"column":30}},"loc":{"start":{"line":149,"column":18},"end":{"line":154,"column":null}},"line":149}},"branchMap":{"0":{"loc":{"start":{"line":14,"column":2},"end":{"line":14,"column":null}},"type":"default-arg","locations":[{"start":{"line":14,"column":12},"end":{"line":14,"column":null}}],"line":14},"1":{"loc":{"start":{"line":16,"column":2},"end":{"line":16,"column":null}},"type":"default-arg","locations":[{"start":{"line":16,"column":13},"end":{"line":16,"column":null}}],"line":16},"2":{"loc":{"start":{"line":17,"column":2},"end":{"line":17,"column":null}},"type":"default-arg","locations":[{"start":{"line":17,"column":15},"end":{"line":17,"column":null}}],"line":17},"3":{"loc":{"start":{"line":20,"column":2},"end":{"line":20,"column":null}},"type":"default-arg","locations":[{"start":{"line":20,"column":17},"end":{"line":20,"column":null}}],"line":20},"4":{"loc":{"start":{"line":21,"column":2},"end":{"line":21,"column":null}},"type":"default-arg","locations":[{"start":{"line":21,"column":15},"end":{"line":21,"column":null}}],"line":21},"5":{"loc":{"start":{"line":22,"column":2},"end":{"line":22,"column":null}},"type":"default-arg","locations":[{"start":{"line":22,"column":10},"end":{"line":22,"column":null}}],"line":22},"6":{"loc":{"start":{"line":28,"column":4},"end":{"line":28,"column":null}},"type":"if","locations":[{"start":{"line":28,"column":4},"end":{"line":28,"column":null}},{"start":{},"end":{}}],"line":28},"7":{"loc":{"start":{"line":32,"column":17},"end":{"line":32,"column":null}},"type":"cond-expr","locations":[{"start":{"line":32,"column":64},"end":{"line":32,"column":73}},{"start":{"line":32,"column":73},"end":{"line":32,"column":null}}],"line":32},"8":{"loc":{"start":{"line":32,"column":17},"end":{"line":32,"column":64}},"type":"binary-expr","locations":[{"start":{"line":32,"column":17},"end":{"line":32,"column":37}},{"start":{"line":32,"column":37},"end":{"line":32,"column":64}}],"line":32},"9":{"loc":{"start":{"line":37,"column":4},"end":{"line":43,"column":null}},"type":"if","locations":[{"start":{"line":37,"column":4},"end":{"line":43,"column":null}},{"start":{"line":40,"column":11},"end":{"line":43,"column":null}}],"line":37},"10":{"loc":{"start":{"line":48,"column":4},"end":{"line":52,"column":null}},"type":"if","locations":[{"start":{"line":48,"column":4},"end":{"line":52,"column":null}},{"start":{"line":50,"column":11},"end":{"line":52,"column":null}}],"line":48},"11":{"loc":{"start":{"line":57,"column":21},"end":{"line":65,"column":null}},"type":"cond-expr","locations":[{"start":{"line":58,"column":6},"end":{"line":64,"column":null}},{"start":{"line":65,"column":6},"end":{"line":65,"column":null}}],"line":57},"12":{"loc":{"start":{"line":61,"column":8},"end":{"line":61,"column":null}},"type":"if","locations":[{"start":{"line":61,"column":8},"end":{"line":61,"column":null}},{"start":{},"end":{}}],"line":61},"13":{"loc":{"start":{"line":61,"column":32},"end":{"line":61,"column":null}},"type":"cond-expr","locations":[{"start":{"line":61,"column":65},"end":{"line":61,"column":70}},{"start":{"line":61,"column":70},"end":{"line":61,"column":null}}],"line":61},"14":{"loc":{"start":{"line":62,"column":8},"end":{"line":62,"column":null}},"type":"if","locations":[{"start":{"line":62,"column":8},"end":{"line":62,"column":null}},{"start":{},"end":{}}],"line":62},"15":{"loc":{"start":{"line":62,"column":32},"end":{"line":62,"column":null}},"type":"cond-expr","locations":[{"start":{"line":62,"column":65},"end":{"line":62,"column":69}},{"start":{"line":62,"column":69},"end":{"line":62,"column":null}}],"line":62},"16":{"loc":{"start":{"line":67,"column":2},"end":{"line":73,"column":null}},"type":"if","locations":[{"start":{"line":67,"column":2},"end":{"line":73,"column":null}},{"start":{},"end":{}}],"line":67},"17":{"loc":{"start":{"line":75,"column":2},"end":{"line":77,"column":null}},"type":"if","locations":[{"start":{"line":75,"column":2},"end":{"line":77,"column":null}},{"start":{},"end":{}}],"line":75},"18":{"loc":{"start":{"line":75,"column":6},"end":{"line":75,"column":34}},"type":"binary-expr","locations":[{"start":{"line":75,"column":6},"end":{"line":75,"column":15}},{"start":{"line":75,"column":15},"end":{"line":75,"column":34}}],"line":75},"19":{"loc":{"start":{"line":86,"column":15},"end":{"line":94,"column":null}},"type":"binary-expr","locations":[{"start":{"line":86,"column":15},"end":{"line":86,"column":null}},{"start":{"line":87,"column":16},"end":{"line":94,"column":null}}],"line":86},"20":{"loc":{"start":{"line":101,"column":20},"end":{"line":101,"column":null}},"type":"binary-expr","locations":[{"start":{"line":101,"column":20},"end":{"line":101,"column":32}},{"start":{"line":101,"column":32},"end":{"line":101,"column":58}},{"start":{"line":101,"column":58},"end":{"line":101,"column":null}}],"line":101},"21":{"loc":{"start":{"line":103,"column":33},"end":{"line":103,"column":null}},"type":"binary-expr","locations":[{"start":{"line":103,"column":33},"end":{"line":103,"column":45}},{"start":{"line":103,"column":45},"end":{"line":103,"column":71}},{"start":{"line":103,"column":71},"end":{"line":103,"column":null}}],"line":103},"22":{"loc":{"start":{"line":107,"column":21},"end":{"line":110,"column":null}},"type":"binary-expr","locations":[{"start":{"line":107,"column":21},"end":{"line":107,"column":33}},{"start":{"line":107,"column":33},"end":{"line":107,"column":59}},{"start":{"line":107,"column":59},"end":{"line":107,"column":null}},{"start":{"line":108,"column":22},"end":{"line":110,"column":null}}],"line":107},"23":{"loc":{"start":{"line":108,"column":22},"end":{"line":110,"column":null}},"type":"cond-expr","locations":[{"start":{"line":109,"column":26},"end":{"line":109,"column":null}},{"start":{"line":110,"column":26},"end":{"line":110,"column":null}}],"line":108},"24":{"loc":{"start":{"line":120,"column":33},"end":{"line":120,"column":null}},"type":"binary-expr","locations":[{"start":{"line":120,"column":33},"end":{"line":120,"column":56}},{"start":{"line":120,"column":56},"end":{"line":120,"column":84}},{"start":{"line":120,"column":84},"end":{"line":120,"column":null}}],"line":120},"25":{"loc":{"start":{"line":128,"column":20},"end":{"line":128,"column":null}},"type":"binary-expr","locations":[{"start":{"line":128,"column":20},"end":{"line":128,"column":34}},{"start":{"line":128,"column":34},"end":{"line":128,"column":null}}],"line":128},"26":{"loc":{"start":{"line":129,"column":20},"end":{"line":129,"column":null}},"type":"binary-expr","locations":[{"start":{"line":129,"column":20},"end":{"line":129,"column":35}},{"start":{"line":129,"column":35},"end":{"line":129,"column":null}}],"line":129},"27":{"loc":{"start":{"line":130,"column":20},"end":{"line":130,"column":null}},"type":"binary-expr","locations":[{"start":{"line":130,"column":20},"end":{"line":130,"column":47}},{"start":{"line":130,"column":47},"end":{"line":130,"column":null}}],"line":130},"28":{"loc":{"start":{"line":131,"column":20},"end":{"line":131,"column":null}},"type":"binary-expr","locations":[{"start":{"line":131,"column":20},"end":{"line":131,"column":34}},{"start":{"line":131,"column":34},"end":{"line":131,"column":null}}],"line":131},"29":{"loc":{"start":{"line":134,"column":17},"end":{"line":146,"column":null}},"type":"binary-expr","locations":[{"start":{"line":134,"column":17},"end":{"line":134,"column":null}},{"start":{"line":135,"column":18},"end":{"line":146,"column":null}}],"line":134},"30":{"loc":{"start":{"line":153,"column":21},"end":{"line":153,"column":null}},"type":"cond-expr","locations":[{"start":{"line":153,"column":34},"end":{"line":153,"column":66}},{"start":{"line":153,"column":66},"end":{"line":153,"column":null}}],"line":153},"31":{"loc":{"start":{"line":124,"column":23},"end":{"line":124,"column":null}},"type":"binary-expr","locations":[{"start":{"line":124,"column":23},"end":{"line":124,"column":32}},{"start":{"line":124,"column":32},"end":{"line":124,"column":null}}],"line":124},"32":{"loc":{"start":{"line":164,"column":7},"end":{"line":167,"column":null}},"type":"binary-expr","locations":[{"start":{"line":164,"column":7},"end":{"line":164,"column":null}},{"start":{"line":165,"column":8},"end":{"line":167,"column":null}}],"line":164}},"s":{"0":10,"1":10,"2":10,"3":1,"4":0,"5":1,"6":1,"7":10,"8":0,"9":0,"10":0,"11":0,"12":0,"13":0,"14":10,"15":0,"16":0,"17":0,"18":0,"19":0,"20":0,"21":0,"22":10,"23":2,"24":2,"25":2,"26":0,"27":2,"28":2,"29":0,"30":10,"31":1,"32":9,"33":1,"34":8,"35":0,"36":15,"37":1,"38":24,"39":24,"40":24,"41":1,"42":0,"43":0,"44":0,"45":45},"f":{"0":10,"1":1,"2":1,"3":0,"4":0,"5":0,"6":0,"7":2,"8":0,"9":15,"10":1,"11":24,"12":1,"13":0,"14":0,"15":45},"b":{"0":[10],"1":[10],"2":[10],"3":[10],"4":[10],"5":[10],"6":[0,1],"7":[0,1],"8":[1,0],"9":[0,0],"10":[0,0],"11":[1,9],"12":[0,2],"13":[0,0],"14":[2,0],"15":[2,0],"16":[1,9],"17":[1,8],"18":[9,9],"19":[8,1],"20":[15,15,15],"21":[1,1,1],"22":[15,15,15,1],"23":[1,0],"24":[24,3,3],"25":[24,3],"26":[24,23],"27":[24,0],"28":[24,1],"29":[24,3],"30":[3,42],"31":[24,0],"32":[10,0]},"meta":{"lastBranch":33,"lastFunction":16,"lastStatement":46,"seen":{"f:11:16:11:22":0,"b:14:12:14:Infinity":0,"b:16:13:16:Infinity":1,"b:17:15:17:Infinity":2,"b:20:17:20:Infinity":3,"b:21:15:21:Infinity":4,"b:22:10:22:Infinity":5,"s:24:34:24:Infinity":0,"s:25:38:25:Infinity":1,"s:27:21:34:Infinity":2,"f:27:21:27:22":1,"b:28:4:28:Infinity:undefined:undefined:undefined:undefined":6,"s:28:4:28:Infinity":3,"s:28:19:28:Infinity":4,"s:30:4:33:Infinity":5,"f:30:18:30:27":2,"s:30:27:33:6":6,"b:32:64:32:73:32:73:32:Infinity":7,"b:32:17:32:37:32:37:32:64":8,"s:36:26:44:Infinity":7,"f:36:26:36:27":3,"b:37:4:43:Infinity:40:11:43:Infinity":9,"s:37:4:43:Infinity":8,"s:38:6:38:Infinity":9,"f:38:39:38:40":4,"s:38:51:38:54":10,"s:39:6:39:Infinity":11,"s:41:6:41:Infinity":12,"s:42:6:42:Infinity":13,"s:46:26:55:Infinity":14,"f:46:26:46:27":5,"s:47:25:47:Infinity":15,"b:48:4:52:Infinity:50:11:52:Infinity":10,"s:48:4:52:Infinity":16,"s:49:6:49:Infinity":17,"s:51:6:51:Infinity":18,"s:53:4:53:Infinity":19,"s:54:4:54:Infinity":20,"f:54:36:54:37":6,"s:54:48:54:69":21,"s:57:21:65:Infinity":22,"b:58:6:64:Infinity:65:6:65:Infinity":11,"f:58:21:58:22":7,"s:59:21:59:Infinity":23,"s:60:21:60:Infinity":24,"b:61:8:61:Infinity:undefined:undefined:undefined:undefined":12,"s:61:8:61:Infinity":25,"s:61:25:61:Infinity":26,"b:61:65:61:70:61:70:61:Infinity":13,"b:62:8:62:Infinity:undefined:undefined:undefined:undefined":14,"s:62:8:62:Infinity":27,"s:62:25:62:Infinity":28,"b:62:65:62:69:62:69:62:Infinity":15,"s:63:8:63:Infinity":29,"b:67:2:73:Infinity:undefined:undefined:undefined:undefined":16,"s:67:2:73:Infinity":30,"s:68:4:71:Infinity":31,"b:75:2:77:Infinity:undefined:undefined:undefined:undefined":17,"s:75:2:77:Infinity":32,"b:75:6:75:15:75:15:75:34":18,"s:76:4:76:Infinity":33,"s:79:2:169:Infinity":34,"b:86:15:86:Infinity:87:16:94:Infinity":19,"f:91:30:91:31":8,"s:91:37:91:Infinity":35,"f:96:27:96:Infinity":9,"s:97:16:113:Infinity":36,"b:101:20:101:32:101:32:101:58:101:58:101:Infinity":20,"f:103:27:103:33":10,"s:103:33:103:Infinity":37,"b:103:33:103:45:103:45:103:71:103:71:103:Infinity":21,"b:107:21:107:33:107:33:107:59:107:59:107:Infinity:108:22:110:Infinity":22,"b:109:26:109:Infinity:110:26:110:Infinity":23,"f:118:28:118:29":11,"s:119:28:119:Infinity":38,"s:120:33:120:Infinity":39,"b:120:33:120:56:120:56:120:84:120:84:120:Infinity":24,"s:122:14:156:Infinity":40,"f:125:27:125:33":12,"s:125:33:125:Infinity":41,"b:128:20:128:34:128:34:128:Infinity":25,"b:129:20:129:35:129:35:129:Infinity":26,"b:130:20:130:47:130:47:130:Infinity":27,"b:131:20:131:34:131:34:131:Infinity":28,"b:134:17:134:Infinity:135:18:146:Infinity":29,"f:139:32:139:33":13,"s:140:24:140:Infinity":42,"s:141:24:141:Infinity":43,"f:143:31:143:32":14,"s:143:38:143:Infinity":44,"f:148:29:148:30":15,"s:149:18:154:Infinity":45,"b:153:34:153:66:153:66:153:Infinity":30,"b:124:23:124:32:124:32:124:Infinity":31,"b:164:7:164:Infinity:165:8:167:Infinity":32}}}
,"/root/ucm-src-pro/frontend/src/components/ui/Select.jsx": {"path":"/root/ucm-src-pro/frontend/src/components/ui/Select.jsx","statementMap":{"0":{"start":{"line":18,"column":14},"end":{"line":37,"column":null}},"1":{"start":{"line":55,"column":21},"end":{"line":55,"column":null}},"2":{"start":{"line":56,"column":23},"end":{"line":56,"column":null}},"3":{"start":{"line":57,"column":19},"end":{"line":57,"column":null}},"4":{"start":{"line":59,"column":8},"end":{"line":85,"column":null}},"5":{"start":{"line":87,"column":2},"end":{"line":156,"column":null}},"6":{"start":{"line":129,"column":16},"end":{"line":146,"column":null}},"7":{"start":{"line":165,"column":18},"end":{"line":165,"column":null}},"8":{"start":{"line":178,"column":20},"end":{"line":178,"column":null}},"9":{"start":{"line":179,"column":22},"end":{"line":179,"column":null}},"10":{"start":{"line":182,"column":24},"end":{"line":182,"column":null}},"11":{"start":{"line":183,"column":23},"end":{"line":185,"column":null}},"12":{"start":{"line":184,"column":4},"end":{"line":184,"column":null}},"13":{"start":{"line":187,"column":2},"end":{"line":198,"column":null}},"14":{"start":{"line":216,"column":2},"end":{"line":228,"column":null}}},"fnMap":{"0":{"name":"Select","decl":{"start":{"line":39,"column":16},"end":{"line":39,"column":23}},"loc":{"start":{"line":54,"column":3},"end":{"line":158,"column":null}},"line":54},"1":{"name":"(anonymous_1)","decl":{"start":{"line":128,"column":27},"end":{"line":128,"column":null}},"loc":{"start":{"line":129,"column":16},"end":{"line":146,"column":null}},"line":129},"2":{"name":"FilterSelect","decl":{"start":{"line":167,"column":16},"end":{"line":167,"column":29}},"loc":{"start":{"line":176,"column":3},"end":{"line":200,"column":null}},"line":176},"3":{"name":"(anonymous_3)","decl":{"start":{"line":183,"column":23},"end":{"line":183,"column":24}},"loc":{"start":{"line":183,"column":37},"end":{"line":185,"column":null}},"line":183},"4":{"name":"FormSelect","decl":{"start":{"line":205,"column":16},"end":{"line":205,"column":27}},"loc":{"start":{"line":215,"column":3},"end":{"line":230,"column":null}},"line":215}},"branchMap":{"0":{"loc":{"start":{"line":41,"column":2},"end":{"line":41,"column":null}},"type":"default-arg","locations":[{"start":{"line":41,"column":12},"end":{"line":41,"column":null}}],"line":41},"1":{"loc":{"start":{"line":45,"column":2},"end":{"line":45,"column":null}},"type":"default-arg","locations":[{"start":{"line":45,"column":16},"end":{"line":45,"column":null}}],"line":45},"2":{"loc":{"start":{"line":47,"column":2},"end":{"line":47,"column":null}},"type":"default-arg","locations":[{"start":{"line":47,"column":13},"end":{"line":47,"column":null}}],"line":47},"3":{"loc":{"start":{"line":48,"column":2},"end":{"line":48,"column":null}},"type":"default-arg","locations":[{"start":{"line":48,"column":9},"end":{"line":48,"column":null}}],"line":48},"4":{"loc":{"start":{"line":49,"column":2},"end":{"line":49,"column":null}},"type":"default-arg","locations":[{"start":{"line":49,"column":12},"end":{"line":49,"column":null}}],"line":49},"5":{"loc":{"start":{"line":53,"column":2},"end":{"line":53,"column":null}},"type":"default-arg","locations":[{"start":{"line":53,"column":20},"end":{"line":53,"column":null}}],"line":53},"6":{"loc":{"start":{"line":55,"column":21},"end":{"line":55,"column":null}},"type":"binary-expr","locations":[{"start":{"line":55,"column":21},"end":{"line":55,"column":36}},{"start":{"line":55,"column":36},"end":{"line":55,"column":null}}],"line":55},"7":{"loc":{"start":{"line":56,"column":23},"end":{"line":56,"column":null}},"type":"binary-expr","locations":[{"start":{"line":56,"column":23},"end":{"line":56,"column":40}},{"start":{"line":56,"column":40},"end":{"line":56,"column":null}}],"line":56},"8":{"loc":{"start":{"line":57,"column":19},"end":{"line":57,"column":null}},"type":"binary-expr","locations":[{"start":{"line":57,"column":19},"end":{"line":57,"column":28}},{"start":{"line":57,"column":28},"end":{"line":57,"column":null}}],"line":57},"9":{"loc":{"start":{"line":67,"column":4},"end":{"line":71,"column":null}},"type":"binary-expr","locations":[{"start":{"line":67,"column":4},"end":{"line":67,"column":28}},{"start":{"line":67,"column":28},"end":{"line":71,"column":null}}],"line":67},"10":{"loc":{"start":{"line":70,"column":6},"end":{"line":70,"column":null}},"type":"binary-expr","locations":[{"start":{"line":70,"column":6},"end":{"line":70,"column":18}},{"start":{"line":70,"column":18},"end":{"line":70,"column":37}},{"start":{"line":70,"column":37},"end":{"line":70,"column":null}}],"line":70},"11":{"loc":{"start":{"line":72,"column":4},"end":{"line":75,"column":null}},"type":"binary-expr","locations":[{"start":{"line":72,"column":4},"end":{"line":72,"column":29}},{"start":{"line":72,"column":29},"end":{"line":75,"column":null}}],"line":72},"12":{"loc":{"start":{"line":76,"column":4},"end":{"line":79,"column":null}},"type":"binary-expr","locations":[{"start":{"line":76,"column":4},"end":{"line":76,"column":29}},{"start":{"line":76,"column":29},"end":{"line":79,"column":null}}],"line":76},"13":{"loc":{"start":{"line":81,"column":4},"end":{"line":81,"column":null}},"type":"binary-expr","locations":[{"start":{"line":81,"column":4},"end":{"line":81,"column":13}},{"start":{"line":81,"column":13},"end":{"line":81,"column":null}}],"line":81},"14":{"loc":{"start":{"line":83,"column":4},"end":{"line":83,"column":null}},"type":"cond-expr","locations":[{"start":{"line":83,"column":15},"end":{"line":83,"column":37}},{"start":{"line":83,"column":37},"end":{"line":83,"column":null}}],"line":83},"15":{"loc":{"start":{"line":88,"column":23},"end":{"line":88,"column":47}},"type":"binary-expr","locations":[{"start":{"line":88,"column":23},"end":{"line":88,"column":32}},{"start":{"line":88,"column":32},"end":{"line":88,"column":47}}],"line":88},"16":{"loc":{"start":{"line":89,"column":7},"end":{"line":92,"column":null}},"type":"binary-expr","locations":[{"start":{"line":89,"column":7},"end":{"line":89,"column":null}},{"start":{"line":90,"column":8},"end":{"line":92,"column":null}}],"line":89},"17":{"loc":{"start":{"line":153,"column":7},"end":{"line":154,"column":null}},"type":"binary-expr","locations":[{"start":{"line":153,"column":7},"end":{"line":153,"column":null}},{"start":{"line":154,"column":8},"end":{"line":154,"column":null}}],"line":153},"18":{"loc":{"start":{"line":168,"column":2},"end":{"line":168,"column":null}},"type":"default-arg","locations":[{"start":{"line":168,"column":12},"end":{"line":168,"column":null}}],"line":168},"19":{"loc":{"start":{"line":171,"column":2},"end":{"line":171,"column":null}},"type":"default-arg","locations":[{"start":{"line":171,"column":16},"end":{"line":171,"column":null}}],"line":171},"20":{"loc":{"start":{"line":173,"column":2},"end":{"line":173,"column":null}},"type":"default-arg","locations":[{"start":{"line":173,"column":9},"end":{"line":173,"column":null}}],"line":173},"21":{"loc":{"start":{"line":178,"column":47},"end":{"line":178,"column":71}},"type":"binary-expr","locations":[{"start":{"line":178,"column":47},"end":{"line":178,"column":59}},{"start":{"line":178,"column":59},"end":{"line":178,"column":71}}],"line":178},"22":{"loc":{"start":{"line":182,"column":24},"end":{"line":182,"column":null}},"type":"binary-expr","locations":[{"start":{"line":182,"column":24},"end":{"line":182,"column":33}},{"start":{"line":182,"column":33},"end":{"line":182,"column":null}}],"line":182},"23":{"loc":{"start":{"line":184,"column":13},"end":{"line":184,"column":51}},"type":"cond-expr","locations":[{"start":{"line":184,"column":38},"end":{"line":184,"column":43}},{"start":{"line":184,"column":43},"end":{"line":184,"column":51}}],"line":184},"24":{"loc":{"start":{"line":207,"column":2},"end":{"line":207,"column":null}},"type":"default-arg","locations":[{"start":{"line":207,"column":12},"end":{"line":207,"column":null}}],"line":207},"25":{"loc":{"start":{"line":210,"column":2},"end":{"line":210,"column":null}},"type":"default-arg","locations":[{"start":{"line":210,"column":9},"end":{"line":210,"column":null}}],"line":210}},"s":{"0":2,"1":2,"2":2,"3":2,"4":2,"5":2,"6":10,"7":2,"8":2,"9":2,"10":2,"11":2,"12":0,"13":2,"14":0},"f":{"0":2,"1":10,"2":2,"3":0,"4":0},"b":{"0":[2],"1":[2],"2":[2],"3":[2],"4":[2],"5":[2],"6":[2,0],"7":[2,2],"8":[2,2],"9":[2,2],"10":[2,2,2],"11":[2,0],"12":[2,0],"13":[2,0],"14":[2,0],"15":[2,0],"16":[2,0],"17":[2,0],"18":[2],"19":[2],"20":[2],"21":[2,2],"22":[2,0],"23":[0,0],"24":[0],"25":[0]},"meta":{"lastBranch":26,"lastFunction":5,"lastStatement":15,"seen":{"s:18:14:37:Infinity":0,"f:39:16:39:23":0,"b:41:12:41:Infinity":0,"b:45:16:45:Infinity":1,"b:47:13:47:Infinity":2,"b:48:9:48:Infinity":3,"b:49:12:49:Infinity":4,"b:53:20:53:Infinity":5,"s:55:21:55:Infinity":1,"b:55:21:55:36:55:36:55:Infinity":6,"s:56:23:56:Infinity":2,"b:56:23:56:40:56:40:56:Infinity":7,"s:57:19:57:Infinity":3,"b:57:19:57:28:57:28:57:Infinity":8,"s:59:8:85:Infinity":4,"b:67:4:67:28:67:28:71:Infinity":9,"b:70:6:70:18:70:18:70:37:70:37:70:Infinity":10,"b:72:4:72:29:72:29:75:Infinity":11,"b:76:4:76:29:76:29:79:Infinity":12,"b:81:4:81:13:81:13:81:Infinity":13,"b:83:15:83:37:83:37:83:Infinity":14,"s:87:2:156:Infinity":5,"b:88:23:88:32:88:32:88:47":15,"b:89:7:89:Infinity:90:8:92:Infinity":16,"f:128:27:128:Infinity":1,"s:129:16:146:Infinity":6,"b:153:7:153:Infinity:154:8:154:Infinity":17,"s:165:18:165:Infinity":7,"f:167:16:167:29":2,"b:168:12:168:Infinity":18,"b:171:16:171:Infinity":19,"b:173:9:173:Infinity":20,"s:178:20:178:Infinity":8,"b:178:47:178:59:178:59:178:71":21,"s:179:22:179:Infinity":9,"s:182:24:182:Infinity":10,"b:182:24:182:33:182:33:182:Infinity":22,"s:183:23:185:Infinity":11,"f:183:23:183:24":3,"s:184:4:184:Infinity":12,"b:184:38:184:43:184:43:184:51":23,"s:187:2:198:Infinity":13,"f:205:16:205:27":4,"b:207:12:207:Infinity":24,"b:210:9:210:Infinity":25,"s:216:2:228:Infinity":14}}}
,"/root/ucm-src-pro/frontend/src/lib/utils.js": {"path":"/root/ucm-src-pro/frontend/src/lib/utils.js","statementMap":{"0":{"start":{"line":5,"column":2},"end":{"line":5,"column":null}},"1":{"start":{"line":12,"column":2},"end":{"line":12,"column":null}},"2":{"start":{"line":12,"column":13},"end":{"line":12,"column":null}},"3":{"start":{"line":13,"column":2},"end":{"line":18,"column":null}},"4":{"start":{"line":14,"column":19},"end":{"line":14,"column":null}},"5":{"start":{"line":15,"column":4},"end":{"line":15,"column":null}},"6":{"start":{"line":17,"column":4},"end":{"line":17,"column":null}},"7":{"start":{"line":25,"column":2},"end":{"line":25,"column":null}},"8":{"start":{"line":25,"column":16},"end":{"line":25,"column":null}},"9":{"start":{"line":26,"column":16},"end":{"line":26,"column":null}},"10":{"start":{"line":27,"column":2},"end":{"line":27,"column":null}},"11":{"start":{"line":35,"column":2},"end":{"line":35,"column":null}},"12":{"start":{"line":35,"column":12},"end":{"line":35,"column":null}},"13":{"start":{"line":37,"column":2},"end":{"line":39,"column":null}},"14":{"start":{"line":38,"column":4},"end":{"line":38,"column":null}},"15":{"start":{"line":41,"column":2},"end":{"line":41,"column":null}},"16":{"start":{"line":48,"column":2},"end":{"line":48,"column":null}},"17":{"start":{"line":48,"column":13},"end":{"line":48,"column":null}},"18":{"start":{"line":49,"column":2},"end":{"line":58,"column":null}},"19":{"start":{"line":50,"column":4},"end":{"line":55,"column":null}},"20":{"start":{"line":57,"column":4},"end":{"line":57,"column":null}}},"fnMap":{"0":{"name":"cn","decl":{"start":{"line":4,"column":16},"end":{"line":4,"column":18}},"loc":{"start":{"line":4,"column":30},"end":{"line":6,"column":null}},"line":4},"1":{"name":"safeJsonParse","decl":{"start":{"line":11,"column":16},"end":{"line":11,"column":29}},"loc":{"start":{"line":11,"column":51},"end":{"line":19,"column":null}},"line":11},"2":{"name":"extractCN","decl":{"start":{"line":24,"column":16},"end":{"line":24,"column":25}},"loc":{"start":{"line":24,"column":35},"end":{"line":28,"column":null}},"line":24},"3":{"name":"extractData","decl":{"start":{"line":34,"column":16},"end":{"line":34,"column":27}},"loc":{"start":{"line":34,"column":55},"end":{"line":42,"column":null}},"line":34},"4":{"name":"formatDate","decl":{"start":{"line":47,"column":16},"end":{"line":47,"column":26}},"loc":{"start":{"line":47,"column":47},"end":{"line":59,"column":null}},"line":47}},"branchMap":{"0":{"loc":{"start":{"line":11,"column":36},"end":{"line":11,"column":49}},"type":"default-arg","locations":[{"start":{"line":11,"column":47},"end":{"line":11,"column":49}}],"line":11},"1":{"loc":{"start":{"line":12,"column":2},"end":{"line":12,"column":null}},"type":"if","locations":[{"start":{"line":12,"column":2},"end":{"line":12,"column":null}},{"start":{},"end":{}}],"line":12},"2":{"loc":{"start":{"line":15,"column":11},"end":{"line":15,"column":null}},"type":"binary-expr","locations":[{"start":{"line":15,"column":11},"end":{"line":15,"column":17}},{"start":{"line":15,"column":21},"end":{"line":15,"column":null}}],"line":15},"3":{"loc":{"start":{"line":25,"column":2},"end":{"line":25,"column":null}},"type":"if","locations":[{"start":{"line":25,"column":2},"end":{"line":25,"column":null}},{"start":{},"end":{}}],"line":25},"4":{"loc":{"start":{"line":27,"column":9},"end":{"line":27,"column":null}},"type":"cond-expr","locations":[{"start":{"line":27,"column":17},"end":{"line":27,"column":25}},{"start":{"line":27,"column":28},"end":{"line":27,"column":null}}],"line":27},"5":{"loc":{"start":{"line":34,"column":38},"end":{"line":34,"column":53}},"type":"default-arg","locations":[{"start":{"line":34,"column":49},"end":{"line":34,"column":53}}],"line":34},"6":{"loc":{"start":{"line":35,"column":2},"end":{"line":35,"column":null}},"type":"if","locations":[{"start":{"line":35,"column":2},"end":{"line":35,"column":null}},{"start":{},"end":{}}],"line":35},"7":{"loc":{"start":{"line":37,"column":2},"end":{"line":39,"column":null}},"type":"if","locations":[{"start":{"line":37,"column":2},"end":{"line":39,"column":null}},{"start":{},"end":{}}],"line":37},"8":{"loc":{"start":{"line":38,"column":11},"end":{"line":38,"column":null}},"type":"binary-expr","locations":[{"start":{"line":38,"column":11},"end":{"line":38,"column":21}},{"start":{"line":38,"column":25},"end":{"line":38,"column":null}}],"line":38},"9":{"loc":{"start":{"line":41,"column":9},"end":{"line":41,"column":null}},"type":"binary-expr","locations":[{"start":{"line":41,"column":9},"end":{"line":41,"column":18}},{"start":{"line":41,"column":22},"end":{"line":41,"column":25}},{"start":{"line":41,"column":29},"end":{"line":41,"column":null}}],"line":41},"10":{"loc":{"start":{"line":47,"column":33},"end":{"line":47,"column":45}},"type":"default-arg","locations":[{"start":{"line":47,"column":43},"end":{"line":47,"column":45}}],"line":47},"11":{"loc":{"start":{"line":48,"column":2},"end":{"line":48,"column":null}},"type":"if","locations":[{"start":{"line":48,"column":2},"end":{"line":48,"column":null}},{"start":{},"end":{}}],"line":48}},"s":{"0":222,"1":0,"2":0,"3":0,"4":0,"5":0,"6":0,"7":0,"8":0,"9":0,"10":0,"11":0,"12":0,"13":0,"14":0,"15":0,"16":0,"17":0,"18":0,"19":0,"20":0},"f":{"0":222,"1":0,"2":0,"3":0,"4":0},"b":{"0":[0],"1":[0,0],"2":[0,0],"3":[0,0],"4":[0,0],"5":[0],"6":[0,0],"7":[0,0],"8":[0,0],"9":[0,0,0],"10":[0],"11":[0,0]},"meta":{"lastBranch":12,"lastFunction":5,"lastStatement":21,"seen":{"f:4:16:4:18":0,"s:5:2:5:Infinity":0,"f:11:16:11:29":1,"b:11:47:11:49":0,"b:12:2:12:Infinity:undefined:undefined:undefined:undefined":1,"s:12:2:12:Infinity":1,"s:12:13:12:Infinity":2,"s:13:2:18:Infinity":3,"s:14:19:14:Infinity":4,"s:15:4:15:Infinity":5,"b:15:11:15:17:15:21:15:Infinity":2,"s:17:4:17:Infinity":6,"f:24:16:24:25":2,"b:25:2:25:Infinity:undefined:undefined:undefined:undefined":3,"s:25:2:25:Infinity":7,"s:25:16:25:Infinity":8,"s:26:16:26:Infinity":9,"s:27:2:27:Infinity":10,"b:27:17:27:25:27:28:27:Infinity":4,"f:34:16:34:27":3,"b:34:49:34:53":5,"b:35:2:35:Infinity:undefined:undefined:undefined:undefined":6,"s:35:2:35:Infinity":11,"s:35:12:35:Infinity":12,"b:37:2:39:Infinity:undefined:undefined:undefined:undefined":7,"s:37:2:39:Infinity":13,"s:38:4:38:Infinity":14,"b:38:11:38:21:38:25:38:Infinity":8,"s:41:2:41:Infinity":15,"b:41:9:41:18:41:22:41:25:41:29:41:Infinity":9,"f:47:16:47:26":4,"b:47:43:47:45":10,"b:48:2:48:Infinity:undefined:undefined:undefined:undefined":11,"s:48:2:48:Infinity":16,"s:48:13:48:Infinity":17,"s:49:2:58:Infinity":18,"s:50:4:55:Infinity":19,"s:57:4:57:Infinity":20}}}
,"/root/ucm-src-pro/frontend/src/services/apiClient.js": {"path":"/root/ucm-src-pro/frontend/src/services/apiClient.js","statementMap":{"0":{"start":{"line":6,"column":21},"end":{"line":6,"column":null}},"1":{"start":{"line":9,"column":23},"end":{"line":9,"column":null}},"2":{"start":{"line":13,"column":4},"end":{"line":13,"column":null}},"3":{"start":{"line":20,"column":4},"end":{"line":20,"column":null}},"4":{"start":{"line":27,"column":4},"end":{"line":29,"column":null}},"5":{"start":{"line":28,"column":6},"end":{"line":28,"column":null}},"6":{"start":{"line":36,"column":4},"end":{"line":36,"column":null}},"7":{"start":{"line":40,"column":16},"end":{"line":40,"column":null}},"8":{"start":{"line":42,"column":20},"end":{"line":45,"column":null}},"9":{"start":{"line":48,"column":19},"end":{"line":48,"column":null}},"10":{"start":{"line":49,"column":4},"end":{"line":54,"column":null}},"11":{"start":{"line":50,"column":24},"end":{"line":50,"column":null}},"12":{"start":{"line":51,"column":6},"end":{"line":53,"column":null}},"13":{"start":{"line":52,"column":8},"end":{"line":52,"column":null}},"14":{"start":{"line":56,"column":19},"end":{"line":61,"column":null}},"15":{"start":{"line":64,"column":4},"end":{"line":66,"column":null}},"16":{"start":{"line":65,"column":6},"end":{"line":65,"column":null}},"17":{"start":{"line":68,"column":4},"end":{"line":68,"column":null}},"18":{"start":{"line":68,"column":29},"end":{"line":68,"column":null}},"19":{"start":{"line":70,"column":4},"end":{"line":112,"column":null}},"20":{"start":{"line":71,"column":23},"end":{"line":71,"column":null}},"21":{"start":{"line":74,"column":26},"end":{"line":74,"column":null}},"22":{"start":{"line":77,"column":6},"end":{"line":83,"column":null}},"23":{"start":{"line":78,"column":8},"end":{"line":78,"column":null}},"24":{"start":{"line":79,"column":13},"end":{"line":83,"column":null}},"25":{"start":{"line":80,"column":8},"end":{"line":80,"column":null}},"26":{"start":{"line":82,"column":8},"end":{"line":82,"column":null}},"27":{"start":{"line":85,"column":6},"end":{"line":101,"column":null}},"28":{"start":{"line":86,"column":22},"end":{"line":86,"column":null}},"29":{"start":{"line":87,"column":8},"end":{"line":87,"column":null}},"30":{"start":{"line":88,"column":8},"end":{"line":88,"column":null}},"31":{"start":{"line":89,"column":8},"end":{"line":89,"column":null}},"32":{"start":{"line":92,"column":28},"end":{"line":92,"column":null}},"33":{"start":{"line":93,"column":31},"end":{"line":93,"column":null}},"34":{"start":{"line":95,"column":8},"end":{"line":98,"column":null}},"35":{"start":{"line":96,"column":10},"end":{"line":96,"column":null}},"36":{"start":{"line":97,"column":10},"end":{"line":97,"column":null}},"37":{"start":{"line":100,"column":8},"end":{"line":100,"column":null}},"38":{"start":{"line":103,"column":6},"end":{"line":103,"column":null}},"39":{"start":{"line":103,"column":31},"end":{"line":103,"column":null}},"40":{"start":{"line":104,"column":6},"end":{"line":104,"column":null}},"41":{"start":{"line":107,"column":6},"end":{"line":110,"column":null}},"42":{"start":{"line":108,"column":8},"end":{"line":108,"column":null}},"43":{"start":{"line":109,"column":8},"end":{"line":109,"column":null}},"44":{"start":{"line":111,"column":6},"end":{"line":111,"column":null}},"45":{"start":{"line":116,"column":4},"end":{"line":116,"column":null}},"46":{"start":{"line":120,"column":4},"end":{"line":120,"column":null}},"47":{"start":{"line":124,"column":4},"end":{"line":124,"column":null}},"48":{"start":{"line":128,"column":4},"end":{"line":128,"column":null}},"49":{"start":{"line":132,"column":4},"end":{"line":132,"column":null}},"50":{"start":{"line":142,"column":16},"end":{"line":142,"column":null}},"51":{"start":{"line":145,"column":20},"end":{"line":145,"column":null}},"52":{"start":{"line":146,"column":22},"end":{"line":146,"column":null}},"53":{"start":{"line":147,"column":4},"end":{"line":149,"column":null}},"54":{"start":{"line":148,"column":6},"end":{"line":148,"column":null}},"55":{"start":{"line":151,"column":19},"end":{"line":158,"column":null}},"56":{"start":{"line":160,"column":4},"end":{"line":160,"column":null}},"57":{"start":{"line":160,"column":29},"end":{"line":160,"column":null}},"58":{"start":{"line":162,"column":4},"end":{"line":180,"column":null}},"59":{"start":{"line":163,"column":23},"end":{"line":163,"column":null}},"60":{"start":{"line":164,"column":19},"end":{"line":164,"column":null}},"61":{"start":{"line":166,"column":6},"end":{"line":171,"column":null}},"62":{"start":{"line":167,"column":22},"end":{"line":167,"column":null}},"63":{"start":{"line":168,"column":8},"end":{"line":168,"column":null}},"64":{"start":{"line":169,"column":8},"end":{"line":169,"column":null}},"65":{"start":{"line":170,"column":8},"end":{"line":170,"column":null}},"66":{"start":{"line":173,"column":6},"end":{"line":173,"column":null}},"67":{"start":{"line":175,"column":6},"end":{"line":178,"column":null}},"68":{"start":{"line":176,"column":8},"end":{"line":176,"column":null}},"69":{"start":{"line":177,"column":8},"end":{"line":177,"column":null}},"70":{"start":{"line":179,"column":6},"end":{"line":179,"column":null}},"71":{"start":{"line":189,"column":16},"end":{"line":189,"column":null}},"72":{"start":{"line":191,"column":19},"end":{"line":195,"column":null}},"73":{"start":{"line":197,"column":21},"end":{"line":197,"column":null}},"74":{"start":{"line":199,"column":4},"end":{"line":201,"column":null}},"75":{"start":{"line":200,"column":6},"end":{"line":200,"column":null}},"76":{"start":{"line":203,"column":4},"end":{"line":203,"column":null}},"77":{"start":{"line":207,"column":25},"end":{"line":207,"column":null}}},"fnMap":{"0":{"name":"(anonymous_0)","decl":{"start":{"line":12,"column":2},"end":{"line":12,"column":13}},"loc":{"start":{"line":12,"column":16},"end":{"line":14,"column":null}},"line":12},"1":{"name":"(anonymous_1)","decl":{"start":{"line":19,"column":2},"end":{"line":19,"column":14}},"loc":{"start":{"line":19,"column":17},"end":{"line":21,"column":null}},"line":19},"2":{"name":"(anonymous_2)","decl":{"start":{"line":26,"column":2},"end":{"line":26,"column":14}},"loc":{"start":{"line":26,"column":22},"end":{"line":30,"column":null}},"line":26},"3":{"name":"(anonymous_3)","decl":{"start":{"line":35,"column":2},"end":{"line":35,"column":16}},"loc":{"start":{"line":35,"column":19},"end":{"line":37,"column":null}},"line":35},"4":{"name":"(anonymous_4)","decl":{"start":{"line":39,"column":8},"end":{"line":39,"column":15}},"loc":{"start":{"line":39,"column":40},"end":{"line":113,"column":null}},"line":39},"5":{"name":"(anonymous_5)","decl":{"start":{"line":115,"column":2},"end":{"line":115,"column":5}},"loc":{"start":{"line":115,"column":30},"end":{"line":117,"column":null}},"line":115},"6":{"name":"(anonymous_6)","decl":{"start":{"line":119,"column":2},"end":{"line":119,"column":6}},"loc":{"start":{"line":119,"column":37},"end":{"line":121,"column":null}},"line":119},"7":{"name":"(anonymous_7)","decl":{"start":{"line":123,"column":2},"end":{"line":123,"column":5}},"loc":{"start":{"line":123,"column":36},"end":{"line":125,"column":null}},"line":123},"8":{"name":"(anonymous_8)","decl":{"start":{"line":127,"column":2},"end":{"line":127,"column":8}},"loc":{"start":{"line":127,"column":33},"end":{"line":129,"column":null}},"line":127},"9":{"name":"(anonymous_9)","decl":{"start":{"line":131,"column":2},"end":{"line":131,"column":7}},"loc":{"start":{"line":131,"column":38},"end":{"line":133,"column":null}},"line":131},"10":{"name":"(anonymous_10)","decl":{"start":{"line":141,"column":8},"end":{"line":141,"column":14}},"loc":{"start":{"line":141,"column":49},"end":{"line":181,"column":null}},"line":141},"11":{"name":"(anonymous_11)","decl":{"start":{"line":188,"column":8},"end":{"line":188,"column":16}},"loc":{"start":{"line":188,"column":41},"end":{"line":204,"column":null}},"line":188}},"branchMap":{"0":{"loc":{"start":{"line":27,"column":4},"end":{"line":29,"column":null}},"type":"if","locations":[{"start":{"line":27,"column":4},"end":{"line":29,"column":null}},{"start":{},"end":{}}],"line":27},"1":{"loc":{"start":{"line":39,"column":26},"end":{"line":39,"column":38}},"type":"default-arg","locations":[{"start":{"line":39,"column":36},"end":{"line":39,"column":38}}],"line":39},"2":{"loc":{"start":{"line":48,"column":19},"end":{"line":48,"column":null}},"type":"binary-expr","locations":[{"start":{"line":48,"column":19},"end":{"line":48,"column":33}},{"start":{"line":48,"column":37},"end":{"line":48,"column":null}}],"line":48},"3":{"loc":{"start":{"line":49,"column":4},"end":{"line":54,"column":null}},"type":"if","locations":[{"start":{"line":49,"column":4},"end":{"line":54,"column":null}},{"start":{},"end":{}}],"line":49},"4":{"loc":{"start":{"line":51,"column":6},"end":{"line":53,"column":null}},"type":"if","locations":[{"start":{"line":51,"column":6},"end":{"line":53,"column":null}},{"start":{},"end":{}}],"line":51},"5":{"loc":{"start":{"line":64,"column":4},"end":{"line":66,"column":null}},"type":"if","locations":[{"start":{"line":64,"column":4},"end":{"line":66,"column":null}},{"start":{},"end":{}}],"line":64},"6":{"loc":{"start":{"line":64,"column":8},"end":{"line":64,"column":56}},"type":"binary-expr","locations":[{"start":{"line":64,"column":8},"end":{"line":64,"column":20}},{"start":{"line":64,"column":24},"end":{"line":64,"column":56}}],"line":64},"7":{"loc":{"start":{"line":68,"column":4},"end":{"line":68,"column":null}},"type":"if","locations":[{"start":{"line":68,"column":4},"end":{"line":68,"column":null}},{"start":{},"end":{}}],"line":68},"8":{"loc":{"start":{"line":77,"column":6},"end":{"line":83,"column":null}},"type":"if","locations":[{"start":{"line":77,"column":6},"end":{"line":83,"column":null}},{"start":{"line":79,"column":13},"end":{"line":83,"column":null}}],"line":77},"9":{"loc":{"start":{"line":77,"column":10},"end":{"line":77,"column":65}},"type":"binary-expr","locations":[{"start":{"line":77,"column":10},"end":{"line":77,"column":21}},{"start":{"line":77,"column":25},"end":{"line":77,"column":65}}],"line":77},"10":{"loc":{"start":{"line":79,"column":13},"end":{"line":83,"column":null}},"type":"if","locations":[{"start":{"line":79,"column":13},"end":{"line":83,"column":null}},{"start":{"line":81,"column":13},"end":{"line":83,"column":null}}],"line":79},"11":{"loc":{"start":{"line":85,"column":6},"end":{"line":101,"column":null}},"type":"if","locations":[{"start":{"line":85,"column":6},"end":{"line":101,"column":null}},{"start":{},"end":{}}],"line":85},"12":{"loc":{"start":{"line":86,"column":32},"end":{"line":86,"column":78}},"type":"binary-expr","locations":[{"start":{"line":86,"column":32},"end":{"line":86,"column":44}},{"start":{"line":86,"column":48},"end":{"line":86,"column":58}},{"start":{"line":86,"column":62},"end":{"line":86,"column":78}}],"line":86},"13":{"loc":{"start":{"line":93,"column":31},"end":{"line":93,"column":null}},"type":"binary-expr","locations":[{"start":{"line":93,"column":31},"end":{"line":93,"column":63}},{"start":{"line":93,"column":67},"end":{"line":93,"column":null}}],"line":93},"14":{"loc":{"start":{"line":95,"column":8},"end":{"line":98,"column":null}},"type":"if","locations":[{"start":{"line":95,"column":8},"end":{"line":98,"column":null}},{"start":{},"end":{}}],"line":95},"15":{"loc":{"start":{"line":95,"column":12},"end":{"line":95,"column":70}},"type":"binary-expr","locations":[{"start":{"line":95,"column":12},"end":{"line":95,"column":35}},{"start":{"line":95,"column":39},"end":{"line":95,"column":51}},{"start":{"line":95,"column":55},"end":{"line":95,"column":70}}],"line":95},"16":{"loc":{"start":{"line":103,"column":6},"end":{"line":103,"column":null}},"type":"if","locations":[{"start":{"line":103,"column":6},"end":{"line":103,"column":null}},{"start":{},"end":{}}],"line":103},"17":{"loc":{"start":{"line":107,"column":6},"end":{"line":110,"column":null}},"type":"if","locations":[{"start":{"line":107,"column":6},"end":{"line":110,"column":null}},{"start":{},"end":{}}],"line":107},"18":{"loc":{"start":{"line":115,"column":16},"end":{"line":115,"column":28}},"type":"default-arg","locations":[{"start":{"line":115,"column":26},"end":{"line":115,"column":28}}],"line":115},"19":{"loc":{"start":{"line":119,"column":23},"end":{"line":119,"column":35}},"type":"default-arg","locations":[{"start":{"line":119,"column":33},"end":{"line":119,"column":35}}],"line":119},"20":{"loc":{"start":{"line":123,"column":22},"end":{"line":123,"column":34}},"type":"default-arg","locations":[{"start":{"line":123,"column":32},"end":{"line":123,"column":34}}],"line":123},"21":{"loc":{"start":{"line":127,"column":19},"end":{"line":127,"column":31}},"type":"default-arg","locations":[{"start":{"line":127,"column":29},"end":{"line":127,"column":31}}],"line":127},"22":{"loc":{"start":{"line":131,"column":24},"end":{"line":131,"column":36}},"type":"default-arg","locations":[{"start":{"line":131,"column":34},"end":{"line":131,"column":36}}],"line":131},"23":{"loc":{"start":{"line":141,"column":35},"end":{"line":141,"column":47}},"type":"default-arg","locations":[{"start":{"line":141,"column":45},"end":{"line":141,"column":47}}],"line":141},"24":{"loc":{"start":{"line":147,"column":4},"end":{"line":149,"column":null}},"type":"if","locations":[{"start":{"line":147,"column":4},"end":{"line":149,"column":null}},{"start":{},"end":{}}],"line":147},"25":{"loc":{"start":{"line":160,"column":4},"end":{"line":160,"column":null}},"type":"if","locations":[{"start":{"line":160,"column":4},"end":{"line":160,"column":null}},{"start":{},"end":{}}],"line":160},"26":{"loc":{"start":{"line":166,"column":6},"end":{"line":171,"column":null}},"type":"if","locations":[{"start":{"line":166,"column":6},"end":{"line":171,"column":null}},{"start":{},"end":{}}],"line":166},"27":{"loc":{"start":{"line":167,"column":32},"end":{"line":167,"column":77}},"type":"binary-expr","locations":[{"start":{"line":167,"column":32},"end":{"line":167,"column":44}},{"start":{"line":167,"column":48},"end":{"line":167,"column":58}},{"start":{"line":167,"column":62},"end":{"line":167,"column":77}}],"line":167},"28":{"loc":{"start":{"line":175,"column":6},"end":{"line":178,"column":null}},"type":"if","locations":[{"start":{"line":175,"column":6},"end":{"line":178,"column":null}},{"start":{},"end":{}}],"line":175},"29":{"loc":{"start":{"line":188,"column":27},"end":{"line":188,"column":39}},"type":"default-arg","locations":[{"start":{"line":188,"column":37},"end":{"line":188,"column":39}}],"line":188},"30":{"loc":{"start":{"line":199,"column":4},"end":{"line":201,"column":null}},"type":"if","locations":[{"start":{"line":199,"column":4},"end":{"line":201,"column":null}},{"start":{},"end":{}}],"line":199}},"s":{"0":1,"1":1,"2":1,"3":3,"4":0,"5":0,"6":0,"7":6,"8":6,"9":6,"10":6,"11":3,"12":3,"13":0,"14":6,"15":6,"16":2,"17":6,"18":6,"19":6,"20":6,"21":5,"22":5,"23":5,"24":0,"25":0,"26":0,"27":5,"28":1,"29":1,"30":1,"31":1,"32":1,"33":1,"34":1,"35":0,"36":0,"37":1,"38":4,"39":4,"40":4,"41":2,"42":1,"43":1,"44":2,"45":3,"46":1,"47":0,"48":1,"49":1,"50":0,"51":0,"52":0,"53":0,"54":0,"55":0,"56":0,"57":0,"58":0,"59":0,"60":0,"61":0,"62":0,"63":0,"64":0,"65":0,"66":0,"67":0,"68":0,"69":0,"70":0,"71":0,"72":0,"73":0,"74":0,"75":0,"76":0,"77":1},"f":{"0":1,"1":3,"2":0,"3":0,"4":6,"5":3,"6":1,"7":0,"8":1,"9":1,"10":0,"11":0},"b":{"0":[0,0],"1":[6],"2":[6,0],"3":[3,3],"4":[0,3],"5":[2,4],"6":[6,2],"7":[6,0],"8":[5,0],"9":[5,5],"10":[0,0],"11":[1,4],"12":[1,0,0],"13":[1,1],"14":[0,1],"15":[1,0,0],"16":[4,0],"17":[1,1],"18":[3],"19":[1],"20":[0],"21":[1],"22":[1],"23":[0],"24":[0,0],"25":[0,0],"26":[0,0],"27":[0,0,0],"28":[0,0],"29":[0],"30":[0,0]},"meta":{"lastBranch":31,"lastFunction":12,"lastStatement":78,"seen":{"s:6:21:6:Infinity":0,"s:9:23:9:Infinity":1,"f:12:2:12:13":0,"s:13:4:13:Infinity":2,"f:19:2:19:14":1,"s:20:4:20:Infinity":3,"f:26:2:26:14":2,"b:27:4:29:Infinity:undefined:undefined:undefined:undefined":0,"s:27:4:29:Infinity":4,"s:28:6:28:Infinity":5,"f:35:2:35:16":3,"s:36:4:36:Infinity":6,"f:39:8:39:15":4,"b:39:36:39:38":1,"s:40:16:40:Infinity":7,"s:42:20:45:Infinity":8,"s:48:19:48:Infinity":9,"b:48:19:48:33:48:37:48:Infinity":2,"b:49:4:54:Infinity:undefined:undefined:undefined:undefined":3,"s:49:4:54:Infinity":10,"s:50:24:50:Infinity":11,"b:51:6:53:Infinity:undefined:undefined:undefined:undefined":4,"s:51:6:53:Infinity":12,"s:52:8:52:Infinity":13,"s:56:19:61:Infinity":14,"b:64:4:66:Infinity:undefined:undefined:undefined:undefined":5,"s:64:4:66:Infinity":15,"b:64:8:64:20:64:24:64:56":6,"s:65:6:65:Infinity":16,"b:68:4:68:Infinity:undefined:undefined:undefined:undefined":7,"s:68:4:68:Infinity":17,"s:68:29:68:Infinity":18,"s:70:4:112:Infinity":19,"s:71:23:71:Infinity":20,"s:74:26:74:Infinity":21,"b:77:6:83:Infinity:79:13:83:Infinity":8,"s:77:6:83:Infinity":22,"b:77:10:77:21:77:25:77:65":9,"s:78:8:78:Infinity":23,"b:79:13:83:Infinity:81:13:83:Infinity":10,"s:79:13:83:Infinity":24,"s:80:8:80:Infinity":25,"s:82:8:82:Infinity":26,"b:85:6:101:Infinity:undefined:undefined:undefined:undefined":11,"s:85:6:101:Infinity":27,"s:86:22:86:Infinity":28,"b:86:32:86:44:86:48:86:58:86:62:86:78":12,"s:87:8:87:Infinity":29,"s:88:8:88:Infinity":30,"s:89:8:89:Infinity":31,"s:92:28:92:Infinity":32,"s:93:31:93:Infinity":33,"b:93:31:93:63:93:67:93:Infinity":13,"b:95:8:98:Infinity:undefined:undefined:undefined:undefined":14,"s:95:8:98:Infinity":34,"b:95:12:95:35:95:39:95:51:95:55:95:70":15,"s:96:10:96:Infinity":35,"s:97:10:97:Infinity":36,"s:100:8:100:Infinity":37,"b:103:6:103:Infinity:undefined:undefined:undefined:undefined":16,"s:103:6:103:Infinity":38,"s:103:31:103:Infinity":39,"s:104:6:104:Infinity":40,"b:107:6:110:Infinity:undefined:undefined:undefined:undefined":17,"s:107:6:110:Infinity":41,"s:108:8:108:Infinity":42,"s:109:8:109:Infinity":43,"s:111:6:111:Infinity":44,"f:115:2:115:5":5,"b:115:26:115:28":18,"s:116:4:116:Infinity":45,"f:119:2:119:6":6,"b:119:33:119:35":19,"s:120:4:120:Infinity":46,"f:123:2:123:5":7,"b:123:32:123:34":20,"s:124:4:124:Infinity":47,"f:127:2:127:8":8,"b:127:29:127:31":21,"s:128:4:128:Infinity":48,"f:131:2:131:7":9,"b:131:34:131:36":22,"s:132:4:132:Infinity":49,"f:141:8:141:14":10,"b:141:45:141:47":23,"s:142:16:142:Infinity":50,"s:145:20:145:Infinity":51,"s:146:22:146:Infinity":52,"b:147:4:149:Infinity:undefined:undefined:undefined:undefined":24,"s:147:4:149:Infinity":53,"s:148:6:148:Infinity":54,"s:151:19:158:Infinity":55,"b:160:4:160:Infinity:undefined:undefined:undefined:undefined":25,"s:160:4:160:Infinity":56,"s:160:29:160:Infinity":57,"s:162:4:180:Infinity":58,"s:163:23:163:Infinity":59,"s:164:19:164:Infinity":60,"b:166:6:171:Infinity:undefined:undefined:undefined:undefined":26,"s:166:6:171:Infinity":61,"s:167:22:167:Infinity":62,"b:167:32:167:44:167:48:167:58:167:62:167:77":27,"s:168:8:168:Infinity":63,"s:169:8:169:Infinity":64,"s:170:8:170:Infinity":65,"s:173:6:173:Infinity":66,"b:175:6:178:Infinity:undefined:undefined:undefined:undefined":28,"s:175:6:178:Infinity":67,"s:176:8:176:Infinity":68,"s:177:8:177:Infinity":69,"s:179:6:179:Infinity":70,"f:188:8:188:16":11,"b:188:37:188:39":29,"s:189:16:189:Infinity":71,"s:191:19:195:Infinity":72,"s:197:21:197:Infinity":73,"b:199:4:201:Infinity:undefined:undefined:undefined:undefined":30,"s:199:4:201:Infinity":74,"s:200:6:200:Infinity":75,"s:203:4:203:Infinity":76,"s:207:25:207:Infinity":77}}}
}
